[0m2021.10.28 06:12:16 INFO  Started: Metals version 0.10.8 in workspace '/root/Github_files/Apache_Spark/hello-world/hello-world' for client Visual Studio Code 1.61.2.[0m
[0m2021.10.28 06:12:17 INFO  time: initialize in 0.97s[0m
[0m2021.10.28 06:12:17 WARN  Build server is not auto-connectable.[0m
[0m2021.10.28 06:12:18 WARN  no build target for: /root/Github_files/Apache_Spark/hello-world/hello-world/build.sbt[0m
[0m2021.10.28 06:12:22 INFO  no build target: using presentation compiler with only scala-library: 3.1.0[0m
Oct 28, 2021 6:12:24 AM org.eclipse.lsp4j.jsonrpc.RemoteEndpoint handleCancellation
WARNING: Unmatched cancel notification for request id 11
[0m2021.10.28 06:12:26 INFO  time: code lens generation in 7.84s[0m
[0m2021.10.28 06:12:51 WARN  no build target for: /root/Github_files/Apache_Spark/hello-world/hello-world/build.sbt[0m
[0m2021.10.28 06:12:55 INFO  running '/usr/java/jdk1.8.0_131/bin/java -Djline.terminal=jline.UnsupportedTerminal -Dsbt.log.noformat=true -Dfile.encoding=UTF-8 -jar /tmp/metals6486170067177362173/sbt-launch.jar -Dbloop.export-jar-classifiers=sources bloopInstall'[0m
[0m2021.10.28 06:12:56 WARN  no build target for: /root/Github_files/Apache_Spark/hello-world/hello-world/project/metals.sbt[0m
[0m2021.10.28 06:12:56 WARN  no build target for: /root/Github_files/Apache_Spark/hello-world/hello-world/project/project/metals.sbt[0m
[0m2021.10.28 06:12:58 INFO  [info] welcome to sbt 1.5.5 (Oracle Corporation Java 1.8.0_131)[0m
[0m2021.10.28 06:13:07 INFO  [info] loading settings for project hello-world-build-build from metals.sbt ...[0m
[0m2021.10.28 06:13:08 INFO  [info] loading project definition from /root/Github_files/Apache_Spark/hello-world/hello-world/project/project[0m
[0m2021.10.28 06:13:13 INFO  [info] loading settings for project hello-world-build from metals.sbt ...[0m
[0m2021.10.28 06:13:13 INFO  [info] loading project definition from /root/Github_files/Apache_Spark/hello-world/hello-world/project[0m
[0m2021.10.28 06:13:18 INFO  [success] Generated .bloop/hello-world-build.json[0m
[0m2021.10.28 06:13:18 INFO  [success] Total time: 5 s, completed Oct 28, 2021 6:13:18 AM[0m
[0m2021.10.28 06:13:22 INFO  [info] loading settings for project hello-world from build.sbt ...[0m
[0m2021.10.28 06:13:22 INFO  [info] set current project to hello-world (in build file:/root/Github_files/Apache_Spark/hello-world/hello-world/)[0m
[0m2021.10.28 06:13:46 INFO  [success] Generated .bloop/hello-world-test.json[0m
[0m2021.10.28 06:13:46 INFO  [success] Generated .bloop/hello-world.json[0m
[0m2021.10.28 06:13:46 INFO  [success] Total time: 23 s, completed Oct 28, 2021 6:13:46 AM[0m
[0m2021.10.28 06:13:46 INFO  time: ran 'sbt bloopInstall' in 51s[0m
[0m2021.10.28 06:13:46 INFO  Attempting to connect to the build server...[0m
Starting the bsp launcher for bloop...
Opening a bsp server connection with 'bsp --protocol local --socket /tmp/bsp-launcher5006305039839286885/bsp.socket'...
Waiting for the bsp connection to come up...
[0m[32m[D][0m Loading 2 projects from '/root/Github_files/Apache_Spark/hello-world/hello-world/.bloop'...
[0m[32m[D][0m Loading project from '/root/Github_files/Apache_Spark/hello-world/hello-world/.bloop/hello-world-test.json'
[0m[32m[D][0m Cache miss for scala instance org.scala-lang:scala-compiler:2.11.12.
[0m[32m[D][0m   => /root/.cache/coursier/v1/https/repo1.maven.org/maven2/jline/jline/2.14.3/jline-2.14.3.jar
[0m[32m[D][0m   => /root/.cache/coursier/v1/https/repo1.maven.org/maven2/org/scala-lang/modules/scala-parser-combinators_2.11/1.0.4/scala-parser-combinators_2.11-1.0.4.jar
[0m[32m[D][0m   => /root/.cache/coursier/v1/https/repo1.maven.org/maven2/org/scala-lang/modules/scala-xml_2.11/1.0.5/scala-xml_2.11-1.0.5.jar
[0m[32m[D][0m   => /root/.cache/coursier/v1/https/repo1.maven.org/maven2/org/scala-lang/scala-compiler/2.11.12/scala-compiler-2.11.12.jar
[0m[32m[D][0m   => /root/.cache/coursier/v1/https/repo1.maven.org/maven2/org/scala-lang/scala-library/2.11.12/scala-library-2.11.12.jar
[0m[32m[D][0m   => /root/.cache/coursier/v1/https/repo1.maven.org/maven2/org/scala-lang/scala-reflect/2.11.12/scala-reflect-2.11.12.jar
[0m[32m[D][0m Loading project from '/root/Github_files/Apache_Spark/hello-world/hello-world/.bloop/hello-world.json'
[0m[32m[D][0m Missing analysis file for project 'hello-world'
[0m[32m[D][0m Missing analysis file for project 'hello-world-test'
[0m[32m[D][0m Waiting for a connection at local:///tmp/bsp-launcher5006305039839286885/bsp.socket...
The server is listening for incoming connections at local:///tmp/bsp-launcher5006305039839286885/bsp.socket...
Starting thread that pumps stdin and redirects it to the bsp server...
Starting thread that pumps server stdout and redirects it to the client stdout...
[0m2021.10.28 06:13:47 INFO  tracing is disabled for protocol BSP, to enable tracing of incoming and outgoing JSON messages create an empty file at /root/.cache/metals/bsp.trace.json[0m
[0m2021.10.28 06:14:02 INFO  Attempting to connect to the build server...[0m
Starting the bsp launcher for bloop...
Opening a bsp server connection with 'bsp --protocol local --socket /tmp/bsp-launcher3561379911087739979/bsp.socket'...
Waiting for the bsp connection to come up...
[0m[32m[D][0m Loading workspace settings from bloop.settings.json
[0m[32m[D][0m Waiting for a connection at local:///tmp/bsp-launcher3561379911087739979/bsp.socket...
The server is listening for incoming connections at local:///tmp/bsp-launcher3561379911087739979/bsp.socket...
Starting thread that pumps stdin and redirects it to the bsp server...
Starting thread that pumps server stdout and redirects it to the client stdout...
[0m2021.10.28 06:14:02 INFO  tracing is disabled for protocol BSP, to enable tracing of incoming and outgoing JSON messages create an empty file at /root/.cache/metals/bsp.trace.json[0m
[0m2021.10.28 06:14:02 INFO  time: Connected to build server in 15s[0m
[0m2021.10.28 06:14:02 INFO  Connected to Build server: Bloop v1.4.10-8-8d1cbc4f[0m
[0m2021.10.28 06:14:15 INFO  time: indexed workspace in 12s[0m
[0m2021.10.28 06:14:16 INFO  no build target: using presentation compiler with only scala-library: 2.12.14[0m
[0m2021.10.28 06:14:17 INFO  skipping build import with status 'Installed'[0m
[0m2021.10.28 06:14:23 INFO  time: code lens generation in 5.12s[0m
[0m2021.10.28 06:15:09 INFO  compiling hello-world (1 scala source)[0m
[0m2021.10.28 06:15:35 INFO  time: compiled hello-world in 26s[0m
[0m2021.10.28 06:15:47 WARN  Error downloading ch.epfl.scala:scala-expression-compiler_2.11.12:2.0.8
  not found: https://maven.aliyun.com/repository/central/ch/epfl/scala/scala-expression-compiler_2.11.12/2.0.8/scala-expression-compiler_2.11.12-2.0.8.pom[0m
[0m2021.10.28 06:15:47 WARN  Expression evaluation will not work.[0m
[0m2021.10.28 06:15:48 INFO  tracing is disabled for protocol dap-server, to enable tracing of incoming and outgoing JSON messages create an empty file at /root/.cache/metals/dap-server.trace.json[0m
[0m2021.10.28 06:15:48 INFO  tracing is disabled for protocol dap-client, to enable tracing of incoming and outgoing JSON messages create an empty file at /root/.cache/metals/dap-client.trace.json[0m
[0m2021.10.28 06:15:48 INFO  Starting debug proxy for [Main][0m
[0m2021.10.28 06:15:55 INFO  Trying to attach to remote debuggee VM VM-16-5-centos:33129 .[0m
[0m2021.10.28 06:15:55 INFO  Attaching to debuggee VM succeeded.[0m
[0m2021.10.28 06:15:56 INFO  Canceling debug proxy for [Main][0m
[0m2021.10.28 06:15:56 INFO  Closing debug server tcp://0.0.0.0:44027[0m
Oct 28, 2021 6:18:25 AM scala.meta.internal.pc.CompilerAccess scala$meta$internal$pc$CompilerAccess$$handleError
SEVERE: null
java.lang.NullPointerException
	at scala.meta.internal.pc.HoverProvider.toHover(HoverProvider.scala:222)
	at scala.meta.internal.pc.HoverProvider.hoverOffset(HoverProvider.scala:122)
	at scala.meta.internal.pc.HoverProvider$$anonfun$hover$1.apply(HoverProvider.scala:24)
	at scala.meta.internal.pc.HoverProvider$$anonfun$hover$1.apply(HoverProvider.scala:24)
	at scala.Option.flatMap(Option.scala:171)
	at scala.meta.internal.pc.HoverProvider.hover(HoverProvider.scala:24)

Oct 28, 2021 6:18:26 AM scala.meta.internal.pc.CompilerAccess scala$meta$internal$pc$CompilerAccess$$handleError
SEVERE: null
java.lang.NullPointerException
	at scala.meta.internal.pc.HoverProvider.toHover(HoverProvider.scala:222)
	at scala.meta.internal.pc.HoverProvider.hoverOffset(HoverProvider.scala:122)
	at scala.meta.internal.pc.HoverProvider$$anonfun$hover$1.apply(HoverProvider.scala:24)
	at scala.meta.internal.pc.HoverProvider$$anonfun$hover$1.apply(HoverProvider.scala:24)
	at scala.Option.flatMap(Option.scala:171)
	at scala.meta.internal.pc.HoverProvider.hover(HoverProvider.scala:24)

Oct 28, 2021 6:18:36 AM org.eclipse.lsp4j.jsonrpc.RemoteEndpoint fallbackResponseError
SEVERE: Internal error: java.lang.reflect.InvocationTargetException
java.lang.RuntimeException: java.lang.reflect.InvocationTargetException
	at org.eclipse.lsp4j.jsonrpc.services.GenericEndpoint.lambda$null$0(GenericEndpoint.java:67)
	at org.eclipse.lsp4j.jsonrpc.services.GenericEndpoint.request(GenericEndpoint.java:120)
	at org.eclipse.lsp4j.jsonrpc.RemoteEndpoint.handleRequest(RemoteEndpoint.java:261)
	at org.eclipse.lsp4j.jsonrpc.RemoteEndpoint.consume(RemoteEndpoint.java:190)
	at org.eclipse.lsp4j.jsonrpc.json.StreamMessageProducer.handleMessage(StreamMessageProducer.java:194)
	at org.eclipse.lsp4j.jsonrpc.json.StreamMessageProducer.listen(StreamMessageProducer.java:94)
	at org.eclipse.lsp4j.jsonrpc.json.ConcurrentMessageProcessor.run(ConcurrentMessageProcessor.java:113)
	at java.util.concurrent.Executors$RunnableAdapter.call(Executors.java:511)
	at java.util.concurrent.FutureTask.run(FutureTask.java:266)
	at java.util.concurrent.ThreadPoolExecutor.runWorker(ThreadPoolExecutor.java:1142)
	at java.util.concurrent.ThreadPoolExecutor$Worker.run(ThreadPoolExecutor.java:617)
	at java.lang.Thread.run(Thread.java:748)
Caused by: java.lang.reflect.InvocationTargetException
	at sun.reflect.GeneratedMethodAccessor3.invoke(Unknown Source)
	at sun.reflect.DelegatingMethodAccessorImpl.invoke(DelegatingMethodAccessorImpl.java:43)
	at java.lang.reflect.Method.invoke(Method.java:498)
	at org.eclipse.lsp4j.jsonrpc.services.GenericEndpoint.lambda$null$0(GenericEndpoint.java:65)
	... 11 more
Caused by: java.lang.IllegalArgumentException: 11 is not a valid line number, allowed [0..5]
	at scala.meta.internal.inputs.InternalInput.lineToOffset(InternalInput.scala:37)
	at scala.meta.internal.inputs.InternalInput.lineToOffset$(InternalInput.scala:32)
	at scala.meta.inputs.Input$VirtualFile.lineToOffset(Input.scala:80)
	at scala.meta.inputs.Position$Range$.apply(Position.scala:59)
	at scala.meta.internal.mtags.MtagsEnrichments$XtensionPositionLspInverse.toMeta(MtagsEnrichments.scala:133)
	at scala.meta.internal.parsing.Trees.$anonfun$findLastEnclosingAt$4(Trees.scala:77)
	at scala.Option.flatMap(Option.scala:271)
	at scala.meta.internal.parsing.Trees.findLastEnclosingAt(Trees.scala:76)
	at scala.meta.internal.metals.codeactions.PatternMatchRefactor.contribute(PatternMatchRefactor.scala:96)
	at scala.meta.internal.metals.CodeActionProvider$$anonfun$1.applyOrElse(CodeActionProvider.scala:62)
	at scala.meta.internal.metals.CodeActionProvider$$anonfun$1.applyOrElse(CodeActionProvider.scala:61)
	at scala.collection.immutable.List.collect(List.scala:323)
	at scala.meta.internal.metals.CodeActionProvider.codeActions(CodeActionProvider.scala:61)
	at scala.meta.internal.metals.MetalsLanguageServer.$anonfun$codeAction$1(MetalsLanguageServer.scala:1554)
	at scala.meta.internal.metals.CancelTokens$.future(CancelTokens.scala:38)
	at scala.meta.internal.metals.MetalsLanguageServer.codeAction(MetalsLanguageServer.scala:1553)
	... 15 more

Oct 28, 2021 6:18:37 AM org.eclipse.lsp4j.jsonrpc.RemoteEndpoint fallbackResponseError
SEVERE: Internal error: java.lang.IllegalArgumentException: 9 is not a valid line number, allowed [0..5]
java.util.concurrent.CompletionException: java.lang.IllegalArgumentException: 9 is not a valid line number, allowed [0..5]
	at java.util.concurrent.CompletableFuture.encodeThrowable(CompletableFuture.java:292)
	at java.util.concurrent.CompletableFuture.completeThrowable(CompletableFuture.java:308)
	at java.util.concurrent.CompletableFuture.uniAccept(CompletableFuture.java:647)
	at java.util.concurrent.CompletableFuture$UniAccept.tryFire(CompletableFuture.java:632)
	at java.util.concurrent.CompletableFuture.postComplete(CompletableFuture.java:474)
	at java.util.concurrent.CompletableFuture.completeExceptionally(CompletableFuture.java:1977)
	at scala.meta.internal.metals.CancelTokens$.$anonfun$future$1(CancelTokens.scala:40)
	at scala.meta.internal.metals.CancelTokens$.$anonfun$future$1$adapted(CancelTokens.scala:38)
	at scala.concurrent.impl.CallbackRunnable.run(Promise.scala:64)
	at java.util.concurrent.ThreadPoolExecutor.runWorker(ThreadPoolExecutor.java:1142)
	at java.util.concurrent.ThreadPoolExecutor$Worker.run(ThreadPoolExecutor.java:617)
	at java.lang.Thread.run(Thread.java:748)
Caused by: java.lang.IllegalArgumentException: 9 is not a valid line number, allowed [0..5]
	at scala.meta.internal.inputs.InternalInput.lineToOffset(InternalInput.scala:37)
	at scala.meta.internal.inputs.InternalInput.lineToOffset$(InternalInput.scala:32)
	at scala.meta.inputs.Input$VirtualFile.lineToOffset(Input.scala:80)
	at scala.meta.inputs.Position$Range$.apply(Position.scala:59)
	at scala.meta.internal.mtags.MtagsEnrichments$XtensionPositionLspInverse.toMeta(MtagsEnrichments.scala:133)
	at scala.meta.internal.parsing.Trees.$anonfun$findLastEnclosingAt$4(Trees.scala:77)
	at scala.Option.flatMap(Option.scala:271)
	at scala.meta.internal.parsing.Trees.findLastEnclosingAt(Trees.scala:76)
	at scala.meta.internal.metals.codeactions.InsertInferredType.$anonfun$contribute$1(InsertInferredType.scala:71)
	at scala.concurrent.Future$.$anonfun$apply$1(Future.scala:659)
	at scala.util.Success.$anonfun$map$1(Try.scala:255)
	at scala.util.Success.map(Try.scala:213)
	at scala.concurrent.Future.$anonfun$map$1(Future.scala:292)
	at scala.concurrent.impl.Promise.liftedTree1$1(Promise.scala:33)
	at scala.concurrent.impl.Promise.$anonfun$transform$1(Promise.scala:33)
	... 4 more

Oct 28, 2021 6:18:40 AM org.eclipse.lsp4j.jsonrpc.RemoteEndpoint fallbackResponseError
SEVERE: Internal error: java.lang.reflect.InvocationTargetException
java.lang.RuntimeException: java.lang.reflect.InvocationTargetException
	at org.eclipse.lsp4j.jsonrpc.services.GenericEndpoint.lambda$null$0(GenericEndpoint.java:67)
	at org.eclipse.lsp4j.jsonrpc.services.GenericEndpoint.request(GenericEndpoint.java:120)
	at org.eclipse.lsp4j.jsonrpc.RemoteEndpoint.handleRequest(RemoteEndpoint.java:261)
	at org.eclipse.lsp4j.jsonrpc.RemoteEndpoint.consume(RemoteEndpoint.java:190)
	at org.eclipse.lsp4j.jsonrpc.json.StreamMessageProducer.handleMessage(StreamMessageProducer.java:194)
	at org.eclipse.lsp4j.jsonrpc.json.StreamMessageProducer.listen(StreamMessageProducer.java:94)
	at org.eclipse.lsp4j.jsonrpc.json.ConcurrentMessageProcessor.run(ConcurrentMessageProcessor.java:113)
	at java.util.concurrent.Executors$RunnableAdapter.call(Executors.java:511)
	at java.util.concurrent.FutureTask.run(FutureTask.java:266)
	at java.util.concurrent.ThreadPoolExecutor.runWorker(ThreadPoolExecutor.java:1142)
	at java.util.concurrent.ThreadPoolExecutor$Worker.run(ThreadPoolExecutor.java:617)
	at java.lang.Thread.run(Thread.java:748)
Caused by: java.lang.reflect.InvocationTargetException
	at sun.reflect.GeneratedMethodAccessor3.invoke(Unknown Source)
	at sun.reflect.DelegatingMethodAccessorImpl.invoke(DelegatingMethodAccessorImpl.java:43)
	at java.lang.reflect.Method.invoke(Method.java:498)
	at org.eclipse.lsp4j.jsonrpc.services.GenericEndpoint.lambda$null$0(GenericEndpoint.java:65)
	... 11 more
Caused by: java.lang.IllegalArgumentException: 9 is not a valid line number, allowed [0..5]
	at scala.meta.internal.inputs.InternalInput.lineToOffset(InternalInput.scala:37)
	at scala.meta.internal.inputs.InternalInput.lineToOffset$(InternalInput.scala:32)
	at scala.meta.inputs.Input$VirtualFile.lineToOffset(Input.scala:80)
	at scala.meta.inputs.Position$Range$.apply(Position.scala:59)
	at scala.meta.internal.mtags.MtagsEnrichments$XtensionPositionLspInverse.toMeta(MtagsEnrichments.scala:133)
	at scala.meta.internal.parsing.Trees.$anonfun$findLastEnclosingAt$4(Trees.scala:77)
	at scala.Option.flatMap(Option.scala:271)
	at scala.meta.internal.parsing.Trees.findLastEnclosingAt(Trees.scala:76)
	at scala.meta.internal.metals.codeactions.PatternMatchRefactor.contribute(PatternMatchRefactor.scala:96)
	at scala.meta.internal.metals.CodeActionProvider$$anonfun$1.applyOrElse(CodeActionProvider.scala:62)
	at scala.meta.internal.metals.CodeActionProvider$$anonfun$1.applyOrElse(CodeActionProvider.scala:61)
	at scala.collection.immutable.List.collect(List.scala:323)
	at scala.meta.internal.metals.CodeActionProvider.codeActions(CodeActionProvider.scala:61)
	at scala.meta.internal.metals.MetalsLanguageServer.$anonfun$codeAction$1(MetalsLanguageServer.scala:1554)
	at scala.meta.internal.metals.CancelTokens$.future(CancelTokens.scala:38)
	at scala.meta.internal.metals.MetalsLanguageServer.codeAction(MetalsLanguageServer.scala:1553)
	... 15 more

[0m2021.10.28 06:18:49 INFO  compiling hello-world (1 scala source)[0m
[0m2021.10.28 06:18:49 INFO  Deduplicating compilation of hello-world from bsp client 'Metals 0.10.8' (since 5m 2.031s)[0m
[0m2021.10.28 06:18:49 INFO  compiling hello-world (1 scala source)[0m
[0m2021.10.28 06:18:51 INFO  time: compiled hello-world in 2.32s[0m
[0m2021.10.28 06:18:51 WARN  Error downloading ch.epfl.scala:scala-expression-compiler_2.11.12:2.0.8
  not found: https://maven.aliyun.com/repository/central/ch/epfl/scala/scala-expression-compiler_2.11.12/2.0.8/scala-expression-compiler_2.11.12-2.0.8.pom[0m
[0m2021.10.28 06:18:51 WARN  Expression evaluation will not work.[0m
[0m2021.10.28 06:18:52 INFO  tracing is disabled for protocol dap-server, to enable tracing of incoming and outgoing JSON messages create an empty file at /root/.cache/metals/dap-server.trace.json[0m
[0m2021.10.28 06:18:52 INFO  tracing is disabled for protocol dap-client, to enable tracing of incoming and outgoing JSON messages create an empty file at /root/.cache/metals/dap-client.trace.json[0m
[0m2021.10.28 06:18:52 INFO  Starting debug proxy for [Main][0m
[0m2021.10.28 06:18:56 INFO  Trying to attach to remote debuggee VM VM-16-5-centos:37723 .[0m
[0m2021.10.28 06:18:56 INFO  Attaching to debuggee VM succeeded.[0m
[0m2021.10.28 06:18:56 ERROR Using Spark's default log4j profile: org/apache/spark/log4j-defaults.properties[0m
[0m2021.10.28 06:18:56 ERROR 21/10/28 06:18:57 WARN Utils: Your hostname, VM-16-5-centos resolves to a loopback address: 127.0.0.1; using 172.27.16.5 instead (on interface eth0)[0m
[0m2021.10.28 06:18:56 ERROR 21/10/28 06:18:57 WARN Utils: Set SPARK_LOCAL_IP if you need to bind to another address[0m
[0m2021.10.28 06:18:56 ERROR 21/10/28 06:18:57 INFO SparkContext: Running Spark version 2.4.5[0m
[0m2021.10.28 06:18:58 ERROR 21/10/28 06:18:58 WARN NativeCodeLoader: Unable to load native-hadoop library for your platform... using builtin-java classes where applicable[0m
[0m2021.10.28 06:18:58 ERROR 21/10/28 06:18:58 INFO SparkContext: Submitted application: example[0m
[0m2021.10.28 06:18:58 ERROR 21/10/28 06:18:58 INFO SecurityManager: Changing view acls to: root[0m
[0m2021.10.28 06:18:58 ERROR 21/10/28 06:18:58 INFO SecurityManager: Changing modify acls to: root[0m
[0m2021.10.28 06:18:58 ERROR 21/10/28 06:18:58 INFO SecurityManager: Changing view acls groups to: [0m
[0m2021.10.28 06:18:58 ERROR 21/10/28 06:18:58 INFO SecurityManager: Changing modify acls groups to: [0m
[0m2021.10.28 06:18:58 ERROR 21/10/28 06:18:58 INFO SecurityManager: SecurityManager: authentication disabled; ui acls disabled; users  with view permissions: Set(root); groups with view permissions: Set(); users  with modify permissions: Set(root); groups with modify permissions: Set()[0m
[0m2021.10.28 06:18:58 ERROR unexpected error during source scanning
java.lang.RuntimeException: invalid symbol format
#
^
	at scala.sys.package$.error(package.scala:30)
	at scala.meta.internal.semanticdb.Scala$DescriptorParser.fail(Scala.scala:200)
	at scala.meta.internal.semanticdb.Scala$DescriptorParser.readChar(Scala.scala:213)
	at scala.meta.internal.semanticdb.Scala$DescriptorParser.parseValue(Scala.scala:231)
	at scala.meta.internal.semanticdb.Scala$DescriptorParser.parseDescriptor(Scala.scala:256)
	at scala.meta.internal.semanticdb.Scala$DescriptorParser.entryPoint(Scala.scala:279)
	at scala.meta.internal.semanticdb.Scala$DescriptorParser$.apply(Scala.scala:287)
	at scala.meta.internal.semanticdb.Scala$ScalaSymbolOps.owner(Scala.scala:101)
	at scala.meta.internal.mtags.Symbol.toplevel(Symbol.scala:56)
	at scala.meta.internal.mtags.SymbolIndexBucket.query0(SymbolIndexBucket.scala:149)
	at scala.meta.internal.mtags.SymbolIndexBucket.query(SymbolIndexBucket.scala:129)
	at scala.meta.internal.mtags.OnDemandSymbolIndex.$anonfun$findSymbolDefinition$1(OnDemandSymbolIndex.scala:116)
	at scala.collection.immutable.List.flatMap(List.scala:366)
	at scala.meta.internal.mtags.OnDemandSymbolIndex.findSymbolDefinition(OnDemandSymbolIndex.scala:116)
	at scala.meta.internal.mtags.OnDemandSymbolIndex.definitions(OnDemandSymbolIndex.scala:48)
	at scala.meta.internal.metals.DestinationProvider.definition(DefinitionProvider.scala:297)
	at scala.meta.internal.metals.DestinationProvider.fromSymbol(DefinitionProvider.scala:335)
	at scala.meta.internal.metals.DestinationProvider.fromSymbol(DefinitionProvider.scala:355)
	at scala.meta.internal.metals.DefinitionProvider.fromSymbol(DefinitionProvider.scala:104)
	at scala.meta.internal.metals.StacktraceAnalyzer.findLocationForSymbol$1(StacktraceAnalyzer.scala:69)
	at scala.meta.internal.metals.StacktraceAnalyzer.$anonfun$fileLocationFromLine$2(StacktraceAnalyzer.scala:74)
	at scala.PartialFunction$Unlifted.applyOrElse(PartialFunction.scala:237)
	at scala.collection.TraversableOnce.collectFirst(TraversableOnce.scala:180)
	at scala.collection.TraversableOnce.collectFirst$(TraversableOnce.scala:167)
	at scala.collection.AbstractTraversable.collectFirst(Traversable.scala:108)
	at scala.meta.internal.metals.StacktraceAnalyzer.$anonfun$fileLocationFromLine$1(StacktraceAnalyzer.scala:74)
	at scala.Option.flatMap(Option.scala:271)
	at scala.meta.internal.metals.StacktraceAnalyzer.fileLocationFromLine(StacktraceAnalyzer.scala:72)
	at scala.meta.internal.metals.debug.DebugProxy.$anonfun$handleServerMessage$1(DebugProxy.scala:182)
	at scala.meta.internal.metals.debug.DebugProxy.$anonfun$handleServerMessage$1$adapted(DebugProxy.scala:159)
	at scala.meta.internal.metals.debug.ServerAdapter.$anonfun$onReceived$1(ServerAdapter.scala:25)
	at scala.meta.internal.metals.debug.MessageIdAdapter.$anonfun$listen$1(MessageIdAdapter.scala:57)
	at org.eclipse.lsp4j.jsonrpc.json.StreamMessageProducer.handleMessage(StreamMessageProducer.java:194)
	at org.eclipse.lsp4j.jsonrpc.json.StreamMessageProducer.listen(StreamMessageProducer.java:94)
	at scala.meta.internal.metals.debug.SocketEndpoint.listen(SocketEndpoint.scala:26)
	at scala.meta.internal.metals.debug.MessageIdAdapter.listen(MessageIdAdapter.scala:47)
	at scala.meta.internal.metals.debug.ServerAdapter.onReceived(ServerAdapter.scala:18)
	at scala.meta.internal.metals.debug.DebugProxy.$anonfun$listenToServer$1(DebugProxy.scala:66)
	at scala.runtime.java8.JFunction0$mcV$sp.apply(JFunction0$mcV$sp.java:23)
	at scala.concurrent.Future$.$anonfun$apply$1(Future.scala:659)
	at scala.util.Success.$anonfun$map$1(Try.scala:255)
	at scala.util.Success.map(Try.scala:213)
	at scala.concurrent.Future.$anonfun$map$1(Future.scala:292)
	at scala.concurrent.impl.Promise.liftedTree1$1(Promise.scala:33)
	at scala.concurrent.impl.Promise.$anonfun$transform$1(Promise.scala:33)
	at scala.concurrent.impl.CallbackRunnable.run(Promise.scala:64)
	at java.util.concurrent.ThreadPoolExecutor.runWorker(ThreadPoolExecutor.java:1142)
	at java.util.concurrent.ThreadPoolExecutor$Worker.run(ThreadPoolExecutor.java:617)
	at java.lang.Thread.run(Thread.java:748)
[0m
[0m2021.10.28 06:18:58 ERROR 21/10/28 06:18:59 INFO Utils: Successfully started service 'sparkDriver' on port 33643.[0m
[0m2021.10.28 06:18:59 ERROR 21/10/28 06:18:59 INFO SparkEnv: Registering MapOutputTracker[0m
[0m2021.10.28 06:18:59 ERROR 21/10/28 06:18:59 INFO SparkEnv: Registering BlockManagerMaster[0m
[0m2021.10.28 06:18:59 ERROR 21/10/28 06:18:59 INFO BlockManagerMasterEndpoint: Using org.apache.spark.storage.DefaultTopologyMapper for getting topology information[0m
[0m2021.10.28 06:18:59 ERROR 21/10/28 06:18:59 INFO BlockManagerMasterEndpoint: BlockManagerMasterEndpoint up[0m
[0m2021.10.28 06:18:59 ERROR 21/10/28 06:18:59 INFO DiskBlockManager: Created local directory at /tmp/blockmgr-572a951e-364f-4e4e-b0d6-db0f5d808cca[0m
[0m2021.10.28 06:18:59 ERROR 21/10/28 06:18:59 INFO MemoryStore: MemoryStore started with capacity 362.9 MB[0m
[0m2021.10.28 06:18:59 ERROR 21/10/28 06:18:59 INFO SparkEnv: Registering OutputCommitCoordinator[0m
[0m2021.10.28 06:18:59 ERROR 21/10/28 06:18:59 INFO Utils: Successfully started service 'SparkUI' on port 4040.[0m
[0m2021.10.28 06:18:59 ERROR 21/10/28 06:18:59 INFO SparkUI: Bound SparkUI to 0.0.0.0, and started at http://172.27.16.5:4040[0m
[0m2021.10.28 06:18:59 ERROR 21/10/28 06:19:00 INFO Executor: Starting executor ID driver on host localhost[0m
[0m2021.10.28 06:18:59 ERROR 21/10/28 06:19:00 INFO Utils: Successfully started service 'org.apache.spark.network.netty.NettyBlockTransferService' on port 32891.[0m
[0m2021.10.28 06:18:59 ERROR 21/10/28 06:19:00 INFO NettyBlockTransferService: Server created on 172.27.16.5:32891[0m
[0m2021.10.28 06:18:59 ERROR 21/10/28 06:19:00 INFO BlockManager: Using org.apache.spark.storage.RandomBlockReplicationPolicy for block replication policy[0m
[0m2021.10.28 06:19:00 ERROR unexpected error during source scanning
java.lang.RuntimeException: invalid symbol format
#
^
	at scala.sys.package$.error(package.scala:30)
	at scala.meta.internal.semanticdb.Scala$DescriptorParser.fail(Scala.scala:200)
	at scala.meta.internal.semanticdb.Scala$DescriptorParser.readChar(Scala.scala:213)
	at scala.meta.internal.semanticdb.Scala$DescriptorParser.parseValue(Scala.scala:231)
	at scala.meta.internal.semanticdb.Scala$DescriptorParser.parseDescriptor(Scala.scala:256)
	at scala.meta.internal.semanticdb.Scala$DescriptorParser.entryPoint(Scala.scala:279)
	at scala.meta.internal.semanticdb.Scala$DescriptorParser$.apply(Scala.scala:287)
	at scala.meta.internal.semanticdb.Scala$ScalaSymbolOps.owner(Scala.scala:101)
	at scala.meta.internal.mtags.Symbol.toplevel(Symbol.scala:56)
	at scala.meta.internal.mtags.SymbolIndexBucket.query0(SymbolIndexBucket.scala:149)
	at scala.meta.internal.mtags.SymbolIndexBucket.query(SymbolIndexBucket.scala:129)
	at scala.meta.internal.mtags.OnDemandSymbolIndex.$anonfun$findSymbolDefinition$1(OnDemandSymbolIndex.scala:116)
	at scala.collection.immutable.List.flatMap(List.scala:366)
	at scala.meta.internal.mtags.OnDemandSymbolIndex.findSymbolDefinition(OnDemandSymbolIndex.scala:116)
	at scala.meta.internal.mtags.OnDemandSymbolIndex.definitions(OnDemandSymbolIndex.scala:48)
	at scala.meta.internal.metals.DestinationProvider.definition(DefinitionProvider.scala:297)
	at scala.meta.internal.metals.DestinationProvider.fromSymbol(DefinitionProvider.scala:335)
	at scala.meta.internal.metals.DestinationProvider.fromSymbol(DefinitionProvider.scala:355)
	at scala.meta.internal.metals.DefinitionProvider.fromSymbol(DefinitionProvider.scala:104)
	at scala.meta.internal.metals.StacktraceAnalyzer.findLocationForSymbol$1(StacktraceAnalyzer.scala:69)
	at scala.meta.internal.metals.StacktraceAnalyzer.$anonfun$fileLocationFromLine$2(StacktraceAnalyzer.scala:74)
	at scala.PartialFunction$Unlifted.applyOrElse(PartialFunction.scala:237)
	at scala.collection.TraversableOnce.collectFirst(TraversableOnce.scala:180)
	at scala.collection.TraversableOnce.collectFirst$(TraversableOnce.scala:167)
	at scala.collection.AbstractTraversable.collectFirst(Traversable.scala:108)
	at scala.meta.internal.metals.StacktraceAnalyzer.$anonfun$fileLocationFromLine$1(StacktraceAnalyzer.scala:74)
	at scala.Option.flatMap(Option.scala:271)
	at scala.meta.internal.metals.StacktraceAnalyzer.fileLocationFromLine(StacktraceAnalyzer.scala:72)
	at scala.meta.internal.metals.debug.DebugProxy.$anonfun$handleServerMessage$1(DebugProxy.scala:182)
	at scala.meta.internal.metals.debug.DebugProxy.$anonfun$handleServerMessage$1$adapted(DebugProxy.scala:159)
	at scala.meta.internal.metals.debug.ServerAdapter.$anonfun$onReceived$1(ServerAdapter.scala:25)
	at scala.meta.internal.metals.debug.MessageIdAdapter.$anonfun$listen$1(MessageIdAdapter.scala:57)
	at org.eclipse.lsp4j.jsonrpc.json.StreamMessageProducer.handleMessage(StreamMessageProducer.java:194)
	at org.eclipse.lsp4j.jsonrpc.json.StreamMessageProducer.listen(StreamMessageProducer.java:94)
	at scala.meta.internal.metals.debug.SocketEndpoint.listen(SocketEndpoint.scala:26)
	at scala.meta.internal.metals.debug.MessageIdAdapter.listen(MessageIdAdapter.scala:47)
	at scala.meta.internal.metals.debug.ServerAdapter.onReceived(ServerAdapter.scala:18)
	at scala.meta.internal.metals.debug.DebugProxy.$anonfun$listenToServer$1(DebugProxy.scala:66)
	at scala.runtime.java8.JFunction0$mcV$sp.apply(JFunction0$mcV$sp.java:23)
	at scala.concurrent.Future$.$anonfun$apply$1(Future.scala:659)
	at scala.util.Success.$anonfun$map$1(Try.scala:255)
	at scala.util.Success.map(Try.scala:213)
	at scala.concurrent.Future.$anonfun$map$1(Future.scala:292)
	at scala.concurrent.impl.Promise.liftedTree1$1(Promise.scala:33)
	at scala.concurrent.impl.Promise.$anonfun$transform$1(Promise.scala:33)
	at scala.concurrent.impl.CallbackRunnable.run(Promise.scala:64)
	at java.util.concurrent.ThreadPoolExecutor.runWorker(ThreadPoolExecutor.java:1142)
	at java.util.concurrent.ThreadPoolExecutor$Worker.run(ThreadPoolExecutor.java:617)
	at java.lang.Thread.run(Thread.java:748)
[0m
[0m2021.10.28 06:18:59 ERROR 21/10/28 06:19:00 INFO BlockManagerMaster: Registering BlockManager BlockManagerId(driver, 172.27.16.5, 32891, None)[0m
[0m2021.10.28 06:18:59 ERROR 21/10/28 06:19:00 INFO BlockManagerMasterEndpoint: Registering block manager 172.27.16.5:32891 with 362.9 MB RAM, BlockManagerId(driver, 172.27.16.5, 32891, None)[0m
[0m2021.10.28 06:18:59 ERROR 21/10/28 06:19:00 INFO BlockManagerMaster: Registered BlockManager BlockManagerId(driver, 172.27.16.5, 32891, None)[0m
[0m2021.10.28 06:18:59 ERROR 21/10/28 06:19:00 INFO BlockManager: Initialized BlockManager: BlockManagerId(driver, 172.27.16.5, 32891, None)[0m
[0m2021.10.28 06:19:00 ERROR unexpected error during source scanning
java.lang.RuntimeException: invalid symbol format
#
^
	at scala.sys.package$.error(package.scala:30)
	at scala.meta.internal.semanticdb.Scala$DescriptorParser.fail(Scala.scala:200)
	at scala.meta.internal.semanticdb.Scala$DescriptorParser.readChar(Scala.scala:213)
	at scala.meta.internal.semanticdb.Scala$DescriptorParser.parseValue(Scala.scala:231)
	at scala.meta.internal.semanticdb.Scala$DescriptorParser.parseDescriptor(Scala.scala:256)
	at scala.meta.internal.semanticdb.Scala$DescriptorParser.entryPoint(Scala.scala:279)
	at scala.meta.internal.semanticdb.Scala$DescriptorParser$.apply(Scala.scala:287)
	at scala.meta.internal.semanticdb.Scala$ScalaSymbolOps.owner(Scala.scala:101)
	at scala.meta.internal.mtags.Symbol.toplevel(Symbol.scala:56)
	at scala.meta.internal.mtags.SymbolIndexBucket.query0(SymbolIndexBucket.scala:149)
	at scala.meta.internal.mtags.SymbolIndexBucket.query(SymbolIndexBucket.scala:129)
	at scala.meta.internal.mtags.OnDemandSymbolIndex.$anonfun$findSymbolDefinition$1(OnDemandSymbolIndex.scala:116)
	at scala.collection.immutable.List.flatMap(List.scala:366)
	at scala.meta.internal.mtags.OnDemandSymbolIndex.findSymbolDefinition(OnDemandSymbolIndex.scala:116)
	at scala.meta.internal.mtags.OnDemandSymbolIndex.definitions(OnDemandSymbolIndex.scala:48)
	at scala.meta.internal.metals.DestinationProvider.definition(DefinitionProvider.scala:297)
	at scala.meta.internal.metals.DestinationProvider.fromSymbol(DefinitionProvider.scala:335)
	at scala.meta.internal.metals.DestinationProvider.fromSymbol(DefinitionProvider.scala:355)
	at scala.meta.internal.metals.DefinitionProvider.fromSymbol(DefinitionProvider.scala:104)
	at scala.meta.internal.metals.StacktraceAnalyzer.findLocationForSymbol$1(StacktraceAnalyzer.scala:69)
	at scala.meta.internal.metals.StacktraceAnalyzer.$anonfun$fileLocationFromLine$2(StacktraceAnalyzer.scala:74)
	at scala.PartialFunction$Unlifted.applyOrElse(PartialFunction.scala:237)
	at scala.collection.TraversableOnce.collectFirst(TraversableOnce.scala:180)
	at scala.collection.TraversableOnce.collectFirst$(TraversableOnce.scala:167)
	at scala.collection.AbstractTraversable.collectFirst(Traversable.scala:108)
	at scala.meta.internal.metals.StacktraceAnalyzer.$anonfun$fileLocationFromLine$1(StacktraceAnalyzer.scala:74)
	at scala.Option.flatMap(Option.scala:271)
	at scala.meta.internal.metals.StacktraceAnalyzer.fileLocationFromLine(StacktraceAnalyzer.scala:72)
	at scala.meta.internal.metals.debug.DebugProxy.$anonfun$handleServerMessage$1(DebugProxy.scala:182)
	at scala.meta.internal.metals.debug.DebugProxy.$anonfun$handleServerMessage$1$adapted(DebugProxy.scala:159)
	at scala.meta.internal.metals.debug.ServerAdapter.$anonfun$onReceived$1(ServerAdapter.scala:25)
	at scala.meta.internal.metals.debug.MessageIdAdapter.$anonfun$listen$1(MessageIdAdapter.scala:57)
	at org.eclipse.lsp4j.jsonrpc.json.StreamMessageProducer.handleMessage(StreamMessageProducer.java:194)
	at org.eclipse.lsp4j.jsonrpc.json.StreamMessageProducer.listen(StreamMessageProducer.java:94)
	at scala.meta.internal.metals.debug.SocketEndpoint.listen(SocketEndpoint.scala:26)
	at scala.meta.internal.metals.debug.MessageIdAdapter.listen(MessageIdAdapter.scala:47)
	at scala.meta.internal.metals.debug.ServerAdapter.onReceived(ServerAdapter.scala:18)
	at scala.meta.internal.metals.debug.DebugProxy.$anonfun$listenToServer$1(DebugProxy.scala:66)
	at scala.runtime.java8.JFunction0$mcV$sp.apply(JFunction0$mcV$sp.java:23)
	at scala.concurrent.Future$.$anonfun$apply$1(Future.scala:659)
	at scala.util.Success.$anonfun$map$1(Try.scala:255)
	at scala.util.Success.map(Try.scala:213)
	at scala.concurrent.Future.$anonfun$map$1(Future.scala:292)
	at scala.concurrent.impl.Promise.liftedTree1$1(Promise.scala:33)
	at scala.concurrent.impl.Promise.$anonfun$transform$1(Promise.scala:33)
	at scala.concurrent.impl.CallbackRunnable.run(Promise.scala:64)
	at java.util.concurrent.ThreadPoolExecutor.runWorker(ThreadPoolExecutor.java:1142)
	at java.util.concurrent.ThreadPoolExecutor$Worker.run(ThreadPoolExecutor.java:617)
	at java.lang.Thread.run(Thread.java:748)
[0m
[0m2021.10.28 06:19:00 ERROR unexpected error during source scanning
java.lang.RuntimeException: invalid symbol format
#
^
	at scala.sys.package$.error(package.scala:30)
	at scala.meta.internal.semanticdb.Scala$DescriptorParser.fail(Scala.scala:200)
	at scala.meta.internal.semanticdb.Scala$DescriptorParser.readChar(Scala.scala:213)
	at scala.meta.internal.semanticdb.Scala$DescriptorParser.parseValue(Scala.scala:231)
	at scala.meta.internal.semanticdb.Scala$DescriptorParser.parseDescriptor(Scala.scala:256)
	at scala.meta.internal.semanticdb.Scala$DescriptorParser.entryPoint(Scala.scala:279)
	at scala.meta.internal.semanticdb.Scala$DescriptorParser$.apply(Scala.scala:287)
	at scala.meta.internal.semanticdb.Scala$ScalaSymbolOps.owner(Scala.scala:101)
	at scala.meta.internal.mtags.Symbol.toplevel(Symbol.scala:56)
	at scala.meta.internal.mtags.SymbolIndexBucket.query0(SymbolIndexBucket.scala:149)
	at scala.meta.internal.mtags.SymbolIndexBucket.query(SymbolIndexBucket.scala:129)
	at scala.meta.internal.mtags.OnDemandSymbolIndex.$anonfun$findSymbolDefinition$1(OnDemandSymbolIndex.scala:116)
	at scala.collection.immutable.List.flatMap(List.scala:366)
	at scala.meta.internal.mtags.OnDemandSymbolIndex.findSymbolDefinition(OnDemandSymbolIndex.scala:116)
	at scala.meta.internal.mtags.OnDemandSymbolIndex.definitions(OnDemandSymbolIndex.scala:48)
	at scala.meta.internal.metals.DestinationProvider.definition(DefinitionProvider.scala:297)
	at scala.meta.internal.metals.DestinationProvider.fromSymbol(DefinitionProvider.scala:335)
	at scala.meta.internal.metals.DestinationProvider.fromSymbol(DefinitionProvider.scala:355)
	at scala.meta.internal.metals.DefinitionProvider.fromSymbol(DefinitionProvider.scala:104)
	at scala.meta.internal.metals.StacktraceAnalyzer.findLocationForSymbol$1(StacktraceAnalyzer.scala:69)
	at scala.meta.internal.metals.StacktraceAnalyzer.$anonfun$fileLocationFromLine$2(StacktraceAnalyzer.scala:74)
	at scala.PartialFunction$Unlifted.applyOrElse(PartialFunction.scala:237)
	at scala.collection.TraversableOnce.collectFirst(TraversableOnce.scala:180)
	at scala.collection.TraversableOnce.collectFirst$(TraversableOnce.scala:167)
	at scala.collection.AbstractTraversable.collectFirst(Traversable.scala:108)
	at scala.meta.internal.metals.StacktraceAnalyzer.$anonfun$fileLocationFromLine$1(StacktraceAnalyzer.scala:74)
	at scala.Option.flatMap(Option.scala:271)
	at scala.meta.internal.metals.StacktraceAnalyzer.fileLocationFromLine(StacktraceAnalyzer.scala:72)
	at scala.meta.internal.metals.debug.DebugProxy.$anonfun$handleServerMessage$1(DebugProxy.scala:182)
	at scala.meta.internal.metals.debug.DebugProxy.$anonfun$handleServerMessage$1$adapted(DebugProxy.scala:159)
	at scala.meta.internal.metals.debug.ServerAdapter.$anonfun$onReceived$1(ServerAdapter.scala:25)
	at scala.meta.internal.metals.debug.MessageIdAdapter.$anonfun$listen$1(MessageIdAdapter.scala:57)
	at org.eclipse.lsp4j.jsonrpc.json.StreamMessageProducer.handleMessage(StreamMessageProducer.java:194)
	at org.eclipse.lsp4j.jsonrpc.json.StreamMessageProducer.listen(StreamMessageProducer.java:94)
	at scala.meta.internal.metals.debug.SocketEndpoint.listen(SocketEndpoint.scala:26)
	at scala.meta.internal.metals.debug.MessageIdAdapter.listen(MessageIdAdapter.scala:47)
	at scala.meta.internal.metals.debug.ServerAdapter.onReceived(ServerAdapter.scala:18)
	at scala.meta.internal.metals.debug.DebugProxy.$anonfun$listenToServer$1(DebugProxy.scala:66)
	at scala.runtime.java8.JFunction0$mcV$sp.apply(JFunction0$mcV$sp.java:23)
	at scala.concurrent.Future$.$anonfun$apply$1(Future.scala:659)
	at scala.util.Success.$anonfun$map$1(Try.scala:255)
	at scala.util.Success.map(Try.scala:213)
	at scala.concurrent.Future.$anonfun$map$1(Future.scala:292)
	at scala.concurrent.impl.Promise.liftedTree1$1(Promise.scala:33)
	at scala.concurrent.impl.Promise.$anonfun$transform$1(Promise.scala:33)
	at scala.concurrent.impl.CallbackRunnable.run(Promise.scala:64)
	at java.util.concurrent.ThreadPoolExecutor.runWorker(ThreadPoolExecutor.java:1142)
	at java.util.concurrent.ThreadPoolExecutor$Worker.run(ThreadPoolExecutor.java:617)
	at java.lang.Thread.run(Thread.java:748)
[0m
[0m2021.10.28 06:19:03 ERROR 21/10/28 06:19:03 INFO SharedState: Setting hive.metastore.warehouse.dir ('null') to the value of spark.sql.warehouse.dir ('file:/root/Github_files/Apache_Spark/hello-world/hello-world/spark-warehouse').[0m
[0m2021.10.28 06:19:03 ERROR 21/10/28 06:19:03 INFO SharedState: Warehouse path is 'file:/root/Github_files/Apache_Spark/hello-world/hello-world/spark-warehouse'.[0m
[0m2021.10.28 06:19:03 ERROR 21/10/28 06:19:04 INFO StateStoreCoordinatorRef: Registered StateStoreCoordinator endpoint[0m
[0m2021.10.28 06:19:04 ERROR 21/10/28 06:19:04 INFO CodeGenerator: Code generated in 409.114036 ms[0m
[0m2021.10.28 06:19:04 ERROR 21/10/28 06:19:05 INFO CodeGenerator: Code generated in 45.779451 ms[0m
[0m2021.10.28 06:19:04 ERROR 21/10/28 06:19:05 INFO CodeGenerator: Code generated in 28.351119 ms[0m
[0m2021.10.28 06:19:04 ERROR 21/10/28 06:19:05 INFO SparkUI: Stopped Spark web UI at http://172.27.16.5:4040[0m
[0m2021.10.28 06:19:04 ERROR 21/10/28 06:19:05 INFO MapOutputTrackerMasterEndpoint: MapOutputTrackerMasterEndpoint stopped![0m
[0m2021.10.28 06:19:05 ERROR 21/10/28 06:19:05 INFO MemoryStore: MemoryStore cleared[0m
[0m2021.10.28 06:19:05 ERROR 21/10/28 06:19:05 INFO BlockManager: BlockManager stopped[0m
[0m2021.10.28 06:19:05 ERROR 21/10/28 06:19:05 INFO BlockManagerMaster: BlockManagerMaster stopped[0m
[0m2021.10.28 06:19:05 ERROR 21/10/28 06:19:05 INFO OutputCommitCoordinator$OutputCommitCoordinatorEndpoint: OutputCommitCoordinator stopped![0m
[0m2021.10.28 06:19:05 ERROR 21/10/28 06:19:05 INFO SparkContext: Successfully stopped SparkContext[0m
[0m2021.10.28 06:19:05 ERROR 21/10/28 06:19:05 INFO ShutdownHookManager: Shutdown hook called[0m
[0m2021.10.28 06:19:05 ERROR 21/10/28 06:19:05 INFO ShutdownHookManager: Deleting directory /tmp/spark-45b53994-b069-47aa-90e3-3a93e8b4c8a4[0m
[0m2021.10.28 06:19:05 INFO  Closing debug server tcp://0.0.0.0:42747[0m
[0m2021.10.28 06:19:05 INFO  Canceling debug proxy for [Main][0m
[0m2021.10.28 06:26:07 INFO  Started: Metals version 0.10.8 in workspace '/root/Github_files/Apache_Spark/hello-world/hello-world' for client Visual Studio Code 1.61.2.[0m
[0m2021.10.28 06:26:08 INFO  time: initialize in 1.13s[0m
[0m2021.10.28 06:26:10 INFO  Attempting to connect to the build server...[0m
Starting the bsp launcher for bloop...
Opening a bsp server connection with 'bsp --protocol local --socket /tmp/bsp-launcher5323077694934906270/bsp.socket'...
Waiting for the bsp connection to come up...
[0m[32m[D][0m Loading workspace settings from bloop.settings.json
[0m[32m[D][0m Waiting for a connection at local:///tmp/bsp-launcher5323077694934906270/bsp.socket...
The server is listening for incoming connections at local:///tmp/bsp-launcher5323077694934906270/bsp.socket...
[0m2021.10.28 06:26:11 INFO  skipping build import with status 'Installed'[0m
Starting thread that pumps stdin and redirects it to the bsp server...
Starting thread that pumps server stdout and redirects it to the client stdout...
[0m2021.10.28 06:28:47 INFO  tracing is disabled for protocol BSP, to enable tracing of incoming and outgoing JSON messages create an empty file at /root/.cache/metals/bsp.trace.json[0m
[0m2021.10.28 06:28:47 INFO  Attempting to connect to the build server...[0m
Starting the bsp launcher for bloop...
Opening a bsp server connection with 'bsp --protocol local --socket /tmp/bsp-launcher7033132992208192310/bsp.socket'...
Waiting for the bsp connection to come up...
[0m[32m[D][0m Loading workspace settings from bloop.settings.json
[0m[32m[D][0m Waiting for a connection at local:///tmp/bsp-launcher7033132992208192310/bsp.socket...
The server is listening for incoming connections at local:///tmp/bsp-launcher7033132992208192310/bsp.socket...
Starting thread that pumps stdin and redirects it to the bsp server...
Starting thread that pumps server stdout and redirects it to the client stdout...
[0m2021.10.28 06:28:47 INFO  tracing is disabled for protocol BSP, to enable tracing of incoming and outgoing JSON messages create an empty file at /root/.cache/metals/bsp.trace.json[0m
[0m2021.10.28 06:28:47 INFO  time: Connected to build server in 2m38s[0m
[0m2021.10.28 06:28:47 INFO  Connected to Build server: Bloop v1.4.10-8-8d1cbc4f[0m
Oct 28, 2021 6:28:49 AM org.eclipse.lsp4j.jsonrpc.RemoteEndpoint handleCancellation
WARNING: Unmatched cancel notification for request id 10
Oct 28, 2021 6:28:49 AM org.eclipse.lsp4j.jsonrpc.RemoteEndpoint handleCancellation
WARNING: Unmatched cancel notification for request id 11
Oct 28, 2021 6:28:49 AM org.eclipse.lsp4j.jsonrpc.RemoteEndpoint handleCancellation
WARNING: Unmatched cancel notification for request id 15
Oct 28, 2021 6:28:49 AM org.eclipse.lsp4j.jsonrpc.RemoteEndpoint handleCancellation
WARNING: Unmatched cancel notification for request id 22
Oct 28, 2021 6:28:50 AM org.eclipse.lsp4j.jsonrpc.RemoteEndpoint handleCancellation
WARNING: Unmatched cancel notification for request id 27
[0m2021.10.28 06:28:55 INFO  no build target: using presentation compiler with only scala-library: 3.1.0[0m
Oct 28, 2021 6:28:58 AM org.eclipse.lsp4j.jsonrpc.services.GenericEndpoint notify
INFO: Unsupported notification method: $/setTrace
[0m2021.10.28 06:28:58 INFO  shutting down Metals[0m
[0m2021.10.28 06:28:58 INFO  Shut down connection with build server.[0m
No more data in the client stdin, exiting...
No more data in the server stdin, exiting...
No more data in the server stdin, exiting...
[0m2021.10.28 06:29:00 ERROR timeout: build server 'bloop' during shutdown[0m
No more data in the client stdin, exiting...
[0m2021.10.28 06:29:03 INFO  Disconnecting from Bloop session...[0m
[0m2021.10.28 06:29:03 ERROR Failed to connect with build server, no functionality will work.
scala.meta.internal.metals.MetalsBspException: BSP connection failed in the attempt to get: WorkspaceBuildTargetsResult.  Boxed InterruptedException
	at scala.meta.internal.metals.BuildServerConnection$$anonfun$1.applyOrElse(BuildServerConnection.scala:252)
	at scala.meta.internal.metals.BuildServerConnection$$anonfun$1.applyOrElse(BuildServerConnection.scala:244)
	at scala.concurrent.Future.$anonfun$recoverWith$1(Future.scala:417)
	at scala.concurrent.impl.Promise.$anonfun$transformWith$1(Promise.scala:41)
	at scala.concurrent.impl.CallbackRunnable.run(Promise.scala:64)
	at java.util.concurrent.ThreadPoolExecutor.runWorker(ThreadPoolExecutor.java:1142)
	at java.util.concurrent.ThreadPoolExecutor$Worker.run(ThreadPoolExecutor.java:617)
	at java.lang.Thread.run(Thread.java:748)
[0m
[0m2021.10.28 06:29:03 WARN  no build target for: /root/Github_files/Apache_Spark/hello-world/hello-world/src/main/scala/Main.scala[0m
[0m2021.10.28 06:29:03 INFO  time: code lens generation in 14s[0m
[0m2021.10.28 06:31:13 INFO  Started: Metals version 0.10.8 in workspace '/root/Github_files/Apache_Spark/hello-world/hello-world' for client Visual Studio Code 1.61.2.[0m
[0m2021.10.28 06:31:14 INFO  time: initialize in 1.01s[0m
[0m2021.10.28 06:31:15 INFO  Attempting to connect to the build server...[0m
Starting the bsp launcher for bloop...
Opening a bsp server connection with 'bsp --protocol local --socket /tmp/bsp-launcher161362735728747487/bsp.socket'...
Waiting for the bsp connection to come up...
[0m2021.10.28 06:31:16 INFO  skipping build import with status 'Installed'[0m
Waiting for the bsp connection to come up...
Oct 28, 2021 6:31:18 AM org.eclipse.lsp4j.jsonrpc.RemoteEndpoint handleCancellation
WARNING: Unmatched cancel notification for request id 2
Waiting for the bsp connection to come up...
Waiting for the bsp connection to come up...
Waiting for the bsp connection to come up...
Waiting for the bsp connection to come up...
Waiting for the bsp connection to come up...
No server running at 127.0.0.1:8212, let's fire one...
Resolving ch.epfl.scala:bloop-frontend_2.12:1.4.10-8-8d1cbc4f...
Starting bloop server at 127.0.0.1:8212...
Attempting a connection to the server...
Attempting a connection to the server...
Attempting a connection to the server...
Attempting a connection to the server...
Attempting a connection to the server...
Attempting a connection to the server...
Attempting a connection to the server...
Attempting a connection to the server...
Attempting a connection to the server...
Attempting a connection to the server...
Attempting a connection to the server...
Attempting a connection to the server...
Attempting a connection to the server...
[0m[32m[D][0m Loading workspace settings from bloop.settings.json
[0m[32m[D][0m Loading 2 projects from '/root/Github_files/Apache_Spark/hello-world/hello-world/.bloop'...
[0m[32m[D][0m Loading project from '/root/Github_files/Apache_Spark/hello-world/hello-world/.bloop/hello-world-test.json'
[0m[32m[D][0m Loading project from '/root/Github_files/Apache_Spark/hello-world/hello-world/.bloop/hello-world.json'
[0m[32m[D][0m Cache miss for scala instance org.scala-lang:scala-compiler:2.11.12.
[0m[32m[D][0m   => /root/.cache/coursier/v1/https/repo1.maven.org/maven2/jline/jline/2.14.3/jline-2.14.3.jar
[0m[32m[D][0m   => /root/.cache/coursier/v1/https/repo1.maven.org/maven2/org/scala-lang/modules/scala-parser-combinators_2.11/1.0.4/scala-parser-combinators_2.11-1.0.4.jar
[0m[32m[D][0m   => /root/.cache/coursier/v1/https/repo1.maven.org/maven2/org/scala-lang/modules/scala-xml_2.11/1.0.5/scala-xml_2.11-1.0.5.jar
[0m[32m[D][0m   => /root/.cache/coursier/v1/https/repo1.maven.org/maven2/org/scala-lang/scala-compiler/2.11.12/scala-compiler-2.11.12.jar
[0m[32m[D][0m   => /root/.cache/coursier/v1/https/repo1.maven.org/maven2/org/scala-lang/scala-library/2.11.12/scala-library-2.11.12.jar
[0m[32m[D][0m   => /root/.cache/coursier/v1/https/repo1.maven.org/maven2/org/scala-lang/scala-reflect/2.11.12/scala-reflect-2.11.12.jar
[0m[32m[D][0m Configured Scala SemanticDB in projects 'hello-world-test', 'hello-world'
[0m[32m[D][0m Missing analysis file for project 'hello-world-test'
[0m[32m[D][0m Loading previous analysis for 'hello-world' from '/root/Github_files/Apache_Spark/hello-world/hello-world/target/streams/compile/bloopAnalysisOut/_global/streams/inc_compile_2.11.zip'.
[0m[32m[D][0m Waiting for a connection at local:///tmp/bsp-launcher161362735728747487/bsp.socket...
The server is listening for incoming connections at local:///tmp/bsp-launcher161362735728747487/bsp.socket...
Starting thread that pumps stdin and redirects it to the bsp server...
Starting thread that pumps server stdout and redirects it to the client stdout...
[0m2021.10.28 06:31:25 INFO  tracing is disabled for protocol BSP, to enable tracing of incoming and outgoing JSON messages create an empty file at /root/.cache/metals/bsp.trace.json[0m
[0m2021.10.28 06:31:25 INFO  Attempting to connect to the build server...[0m
Starting the bsp launcher for bloop...
Opening a bsp server connection with 'bsp --protocol local --socket /tmp/bsp-launcher8205161682897870548/bsp.socket'...
Waiting for the bsp connection to come up...
[0m[32m[D][0m Loading workspace settings from bloop.settings.json
[0m[32m[D][0m Waiting for a connection at local:///tmp/bsp-launcher8205161682897870548/bsp.socket...
The server is listening for incoming connections at local:///tmp/bsp-launcher8205161682897870548/bsp.socket...
Starting thread that pumps stdin and redirects it to the bsp server...
Starting thread that pumps server stdout and redirects it to the client stdout...
[0m2021.10.28 06:31:26 INFO  tracing is disabled for protocol BSP, to enable tracing of incoming and outgoing JSON messages create an empty file at /root/.cache/metals/bsp.trace.json[0m
[0m2021.10.28 06:31:26 INFO  time: Connected to build server in 10s[0m
[0m2021.10.28 06:31:26 INFO  Connected to Build server: Bloop v1.4.10-8-8d1cbc4f[0m
[0m2021.10.28 06:31:28 INFO  no build target: using presentation compiler with only scala-library: 3.1.0[0m
[0m2021.10.28 06:31:34 INFO  time: code lens generation in 8.62s[0m
[0m2021.10.28 06:31:34 INFO  time: code lens generation in 15s[0m
[0m2021.10.28 06:31:34 INFO  time: code lens generation in 16s[0m
[0m2021.10.28 06:31:34 INFO  time: Imported build in 4.45s[0m
[0m2021.10.28 06:31:39 INFO  time: indexed workspace in 5.42s[0m
[0m2021.10.28 06:31:42 INFO  no build target: using presentation compiler with only scala-library: 2.12.14[0m
[0m2021.10.28 06:31:42 INFO  compiling hello-world (1 scala source)[0m
[0m2021.10.28 06:31:58 INFO  time: compiled hello-world in 16s[0m
[0m2021.10.28 06:32:17 WARN  Error downloading ch.epfl.scala:scala-expression-compiler_2.11.12:2.0.8
  not found: https://maven.aliyun.com/repository/central/ch/epfl/scala/scala-expression-compiler_2.11.12/2.0.8/scala-expression-compiler_2.11.12-2.0.8.pom[0m
[0m2021.10.28 06:32:17 WARN  Expression evaluation will not work.[0m
[0m2021.10.28 06:32:17 INFO  tracing is disabled for protocol dap-server, to enable tracing of incoming and outgoing JSON messages create an empty file at /root/.cache/metals/dap-server.trace.json[0m
[0m2021.10.28 06:32:17 INFO  tracing is disabled for protocol dap-client, to enable tracing of incoming and outgoing JSON messages create an empty file at /root/.cache/metals/dap-client.trace.json[0m
[0m2021.10.28 06:32:17 INFO  Starting debug proxy for [Main][0m
[0m2021.10.28 06:32:25 INFO  Trying to attach to remote debuggee VM VM-16-5-centos:42611 .[0m
[0m2021.10.28 06:32:25 INFO  Attaching to debuggee VM succeeded.[0m
[0m2021.10.28 06:32:26 ERROR Using Spark's default log4j profile: org/apache/spark/log4j-defaults.properties[0m
[0m2021.10.28 06:32:26 ERROR 21/10/28 06:32:26 WARN Utils: Your hostname, VM-16-5-centos resolves to a loopback address: 127.0.0.1; using 172.27.16.5 instead (on interface eth0)[0m
[0m2021.10.28 06:32:26 ERROR 21/10/28 06:32:26 WARN Utils: Set SPARK_LOCAL_IP if you need to bind to another address[0m
[0m2021.10.28 06:32:26 ERROR 21/10/28 06:32:26 INFO SparkContext: Running Spark version 2.4.5[0m
[0m2021.10.28 06:32:26 ERROR 21/10/28 06:32:26 WARN NativeCodeLoader: Unable to load native-hadoop library for your platform... using builtin-java classes where applicable[0m
[0m2021.10.28 06:32:26 ERROR 21/10/28 06:32:27 INFO SparkContext: Submitted application: example[0m
[0m2021.10.28 06:32:26 ERROR 21/10/28 06:32:27 INFO SecurityManager: Changing view acls to: root[0m
[0m2021.10.28 06:32:26 ERROR 21/10/28 06:32:27 INFO SecurityManager: Changing modify acls to: root[0m
[0m2021.10.28 06:32:26 ERROR 21/10/28 06:32:27 INFO SecurityManager: Changing view acls groups to: [0m
[0m2021.10.28 06:32:26 ERROR 21/10/28 06:32:27 INFO SecurityManager: Changing modify acls groups to: [0m
[0m2021.10.28 06:32:26 ERROR 21/10/28 06:32:27 INFO SecurityManager: SecurityManager: authentication disabled; ui acls disabled; users  with view permissions: Set(root); groups with view permissions: Set(); users  with modify permissions: Set(root); groups with modify permissions: Set()[0m
[0m2021.10.28 06:32:27 ERROR 21/10/28 06:32:27 INFO Utils: Successfully started service 'sparkDriver' on port 40339.[0m
[0m2021.10.28 06:32:27 ERROR 21/10/28 06:32:27 INFO SparkEnv: Registering MapOutputTracker[0m
[0m2021.10.28 06:32:27 ERROR 21/10/28 06:32:27 INFO SparkEnv: Registering BlockManagerMaster[0m
[0m2021.10.28 06:32:27 ERROR 21/10/28 06:32:27 INFO BlockManagerMasterEndpoint: Using org.apache.spark.storage.DefaultTopologyMapper for getting topology information[0m
[0m2021.10.28 06:32:27 ERROR 21/10/28 06:32:27 INFO BlockManagerMasterEndpoint: BlockManagerMasterEndpoint up[0m
[0m2021.10.28 06:32:27 ERROR unexpected error during source scanning
java.lang.RuntimeException: invalid symbol format
#
^
	at scala.sys.package$.error(package.scala:30)
	at scala.meta.internal.semanticdb.Scala$DescriptorParser.fail(Scala.scala:200)
	at scala.meta.internal.semanticdb.Scala$DescriptorParser.readChar(Scala.scala:213)
	at scala.meta.internal.semanticdb.Scala$DescriptorParser.parseValue(Scala.scala:231)
	at scala.meta.internal.semanticdb.Scala$DescriptorParser.parseDescriptor(Scala.scala:256)
	at scala.meta.internal.semanticdb.Scala$DescriptorParser.entryPoint(Scala.scala:279)
	at scala.meta.internal.semanticdb.Scala$DescriptorParser$.apply(Scala.scala:287)
	at scala.meta.internal.semanticdb.Scala$ScalaSymbolOps.owner(Scala.scala:101)
	at scala.meta.internal.mtags.Symbol.toplevel(Symbol.scala:56)
	at scala.meta.internal.mtags.SymbolIndexBucket.query0(SymbolIndexBucket.scala:149)
	at scala.meta.internal.mtags.SymbolIndexBucket.query(SymbolIndexBucket.scala:129)
	at scala.meta.internal.mtags.OnDemandSymbolIndex.$anonfun$findSymbolDefinition$1(OnDemandSymbolIndex.scala:116)
	at scala.collection.immutable.List.flatMap(List.scala:366)
	at scala.meta.internal.mtags.OnDemandSymbolIndex.findSymbolDefinition(OnDemandSymbolIndex.scala:116)
	at scala.meta.internal.mtags.OnDemandSymbolIndex.definitions(OnDemandSymbolIndex.scala:48)
	at scala.meta.internal.metals.DestinationProvider.definition(DefinitionProvider.scala:297)
	at scala.meta.internal.metals.DestinationProvider.fromSymbol(DefinitionProvider.scala:335)
	at scala.meta.internal.metals.DestinationProvider.fromSymbol(DefinitionProvider.scala:355)
	at scala.meta.internal.metals.DefinitionProvider.fromSymbol(DefinitionProvider.scala:104)
	at scala.meta.internal.metals.StacktraceAnalyzer.findLocationForSymbol$1(StacktraceAnalyzer.scala:69)
	at scala.meta.internal.metals.StacktraceAnalyzer.$anonfun$fileLocationFromLine$2(StacktraceAnalyzer.scala:74)
	at scala.PartialFunction$Unlifted.applyOrElse(PartialFunction.scala:237)
	at scala.collection.TraversableOnce.collectFirst(TraversableOnce.scala:180)
	at scala.collection.TraversableOnce.collectFirst$(TraversableOnce.scala:167)
	at scala.collection.AbstractTraversable.collectFirst(Traversable.scala:108)
	at scala.meta.internal.metals.StacktraceAnalyzer.$anonfun$fileLocationFromLine$1(StacktraceAnalyzer.scala:74)
	at scala.Option.flatMap(Option.scala:271)
	at scala.meta.internal.metals.StacktraceAnalyzer.fileLocationFromLine(StacktraceAnalyzer.scala:72)
	at scala.meta.internal.metals.debug.DebugProxy.$anonfun$handleServerMessage$1(DebugProxy.scala:182)
	at scala.meta.internal.metals.debug.DebugProxy.$anonfun$handleServerMessage$1$adapted(DebugProxy.scala:159)
	at scala.meta.internal.metals.debug.ServerAdapter.$anonfun$onReceived$1(ServerAdapter.scala:25)
	at scala.meta.internal.metals.debug.MessageIdAdapter.$anonfun$listen$1(MessageIdAdapter.scala:57)
	at org.eclipse.lsp4j.jsonrpc.json.StreamMessageProducer.handleMessage(StreamMessageProducer.java:194)
	at org.eclipse.lsp4j.jsonrpc.json.StreamMessageProducer.listen(StreamMessageProducer.java:94)
	at scala.meta.internal.metals.debug.SocketEndpoint.listen(SocketEndpoint.scala:26)
	at scala.meta.internal.metals.debug.MessageIdAdapter.listen(MessageIdAdapter.scala:47)
	at scala.meta.internal.metals.debug.ServerAdapter.onReceived(ServerAdapter.scala:18)
	at scala.meta.internal.metals.debug.DebugProxy.$anonfun$listenToServer$1(DebugProxy.scala:66)
	at scala.runtime.java8.JFunction0$mcV$sp.apply(JFunction0$mcV$sp.java:23)
	at scala.concurrent.Future$.$anonfun$apply$1(Future.scala:659)
	at scala.util.Success.$anonfun$map$1(Try.scala:255)
	at scala.util.Success.map(Try.scala:213)
	at scala.concurrent.Future.$anonfun$map$1(Future.scala:292)
	at scala.concurrent.impl.Promise.liftedTree1$1(Promise.scala:33)
	at scala.concurrent.impl.Promise.$anonfun$transform$1(Promise.scala:33)
	at scala.concurrent.impl.CallbackRunnable.run(Promise.scala:64)
	at java.util.concurrent.ThreadPoolExecutor.runWorker(ThreadPoolExecutor.java:1142)
	at java.util.concurrent.ThreadPoolExecutor$Worker.run(ThreadPoolExecutor.java:617)
	at java.lang.Thread.run(Thread.java:748)
[0m
[0m2021.10.28 06:32:27 ERROR 21/10/28 06:32:27 INFO DiskBlockManager: Created local directory at /tmp/blockmgr-08b6dc50-e72d-47c7-8af0-e5b4eeb0bd8b[0m
[0m2021.10.28 06:32:27 ERROR 21/10/28 06:32:27 INFO MemoryStore: MemoryStore started with capacity 362.9 MB[0m
[0m2021.10.28 06:32:27 ERROR 21/10/28 06:32:27 INFO SparkEnv: Registering OutputCommitCoordinator[0m
[0m2021.10.28 06:32:27 ERROR 21/10/28 06:32:28 INFO Utils: Successfully started service 'SparkUI' on port 4040.[0m
[0m2021.10.28 06:32:27 ERROR 21/10/28 06:32:28 INFO SparkUI: Bound SparkUI to 0.0.0.0, and started at http://172.27.16.5:4040[0m
[0m2021.10.28 06:32:27 ERROR 21/10/28 06:32:28 INFO Executor: Starting executor ID driver on host localhost[0m
[0m2021.10.28 06:32:27 ERROR 21/10/28 06:32:28 INFO Utils: Successfully started service 'org.apache.spark.network.netty.NettyBlockTransferService' on port 44599.[0m
[0m2021.10.28 06:32:27 ERROR 21/10/28 06:32:28 INFO NettyBlockTransferService: Server created on 172.27.16.5:44599[0m
[0m2021.10.28 06:32:27 ERROR 21/10/28 06:32:28 INFO BlockManager: Using org.apache.spark.storage.RandomBlockReplicationPolicy for block replication policy[0m
[0m2021.10.28 06:32:27 ERROR unexpected error during source scanning
java.lang.RuntimeException: invalid symbol format
#
^
	at scala.sys.package$.error(package.scala:30)
	at scala.meta.internal.semanticdb.Scala$DescriptorParser.fail(Scala.scala:200)
	at scala.meta.internal.semanticdb.Scala$DescriptorParser.readChar(Scala.scala:213)
	at scala.meta.internal.semanticdb.Scala$DescriptorParser.parseValue(Scala.scala:231)
	at scala.meta.internal.semanticdb.Scala$DescriptorParser.parseDescriptor(Scala.scala:256)
	at scala.meta.internal.semanticdb.Scala$DescriptorParser.entryPoint(Scala.scala:279)
	at scala.meta.internal.semanticdb.Scala$DescriptorParser$.apply(Scala.scala:287)
	at scala.meta.internal.semanticdb.Scala$ScalaSymbolOps.owner(Scala.scala:101)
	at scala.meta.internal.mtags.Symbol.toplevel(Symbol.scala:56)
	at scala.meta.internal.mtags.SymbolIndexBucket.query0(SymbolIndexBucket.scala:149)
	at scala.meta.internal.mtags.SymbolIndexBucket.query(SymbolIndexBucket.scala:129)
	at scala.meta.internal.mtags.OnDemandSymbolIndex.$anonfun$findSymbolDefinition$1(OnDemandSymbolIndex.scala:116)
	at scala.collection.immutable.List.flatMap(List.scala:366)
	at scala.meta.internal.mtags.OnDemandSymbolIndex.findSymbolDefinition(OnDemandSymbolIndex.scala:116)
	at scala.meta.internal.mtags.OnDemandSymbolIndex.definitions(OnDemandSymbolIndex.scala:48)
	at scala.meta.internal.metals.DestinationProvider.definition(DefinitionProvider.scala:297)
	at scala.meta.internal.metals.DestinationProvider.fromSymbol(DefinitionProvider.scala:335)
	at scala.meta.internal.metals.DestinationProvider.fromSymbol(DefinitionProvider.scala:355)
	at scala.meta.internal.metals.DefinitionProvider.fromSymbol(DefinitionProvider.scala:104)
	at scala.meta.internal.metals.StacktraceAnalyzer.findLocationForSymbol$1(StacktraceAnalyzer.scala:69)
	at scala.meta.internal.metals.StacktraceAnalyzer.$anonfun$fileLocationFromLine$2(StacktraceAnalyzer.scala:74)
	at scala.PartialFunction$Unlifted.applyOrElse(PartialFunction.scala:237)
	at scala.collection.TraversableOnce.collectFirst(TraversableOnce.scala:180)
	at scala.collection.TraversableOnce.collectFirst$(TraversableOnce.scala:167)
	at scala.collection.AbstractTraversable.collectFirst(Traversable.scala:108)
	at scala.meta.internal.metals.StacktraceAnalyzer.$anonfun$fileLocationFromLine$1(StacktraceAnalyzer.scala:74)
	at scala.Option.flatMap(Option.scala:271)
	at scala.meta.internal.metals.StacktraceAnalyzer.fileLocationFromLine(StacktraceAnalyzer.scala:72)
	at scala.meta.internal.metals.debug.DebugProxy.$anonfun$handleServerMessage$1(DebugProxy.scala:182)
	at scala.meta.internal.metals.debug.DebugProxy.$anonfun$handleServerMessage$1$adapted(DebugProxy.scala:159)
	at scala.meta.internal.metals.debug.ServerAdapter.$anonfun$onReceived$1(ServerAdapter.scala:25)
	at scala.meta.internal.metals.debug.MessageIdAdapter.$anonfun$listen$1(MessageIdAdapter.scala:57)
	at org.eclipse.lsp4j.jsonrpc.json.StreamMessageProducer.handleMessage(StreamMessageProducer.java:194)
	at org.eclipse.lsp4j.jsonrpc.json.StreamMessageProducer.listen(StreamMessageProducer.java:94)
	at scala.meta.internal.metals.debug.SocketEndpoint.listen(SocketEndpoint.scala:26)
	at scala.meta.internal.metals.debug.MessageIdAdapter.listen(MessageIdAdapter.scala:47)
	at scala.meta.internal.metals.debug.ServerAdapter.onReceived(ServerAdapter.scala:18)
	at scala.meta.internal.metals.debug.DebugProxy.$anonfun$listenToServer$1(DebugProxy.scala:66)
	at scala.runtime.java8.JFunction0$mcV$sp.apply(JFunction0$mcV$sp.java:23)
	at scala.concurrent.Future$.$anonfun$apply$1(Future.scala:659)
	at scala.util.Success.$anonfun$map$1(Try.scala:255)
	at scala.util.Success.map(Try.scala:213)
	at scala.concurrent.Future.$anonfun$map$1(Future.scala:292)
	at scala.concurrent.impl.Promise.liftedTree1$1(Promise.scala:33)
	at scala.concurrent.impl.Promise.$anonfun$transform$1(Promise.scala:33)
	at scala.concurrent.impl.CallbackRunnable.run(Promise.scala:64)
	at java.util.concurrent.ThreadPoolExecutor.runWorker(ThreadPoolExecutor.java:1142)
	at java.util.concurrent.ThreadPoolExecutor$Worker.run(ThreadPoolExecutor.java:617)
	at java.lang.Thread.run(Thread.java:748)
[0m
[0m2021.10.28 06:32:27 ERROR 21/10/28 06:32:28 INFO BlockManagerMaster: Registering BlockManager BlockManagerId(driver, 172.27.16.5, 44599, None)[0m
[0m2021.10.28 06:32:27 ERROR 21/10/28 06:32:28 INFO BlockManagerMasterEndpoint: Registering block manager 172.27.16.5:44599 with 362.9 MB RAM, BlockManagerId(driver, 172.27.16.5, 44599, None)[0m
[0m2021.10.28 06:32:28 ERROR 21/10/28 06:32:28 INFO BlockManagerMaster: Registered BlockManager BlockManagerId(driver, 172.27.16.5, 44599, None)[0m
[0m2021.10.28 06:32:28 ERROR 21/10/28 06:32:28 INFO BlockManager: Initialized BlockManager: BlockManagerId(driver, 172.27.16.5, 44599, None)[0m
[0m2021.10.28 06:32:27 ERROR unexpected error during source scanning
java.lang.RuntimeException: invalid symbol format
#
^
	at scala.sys.package$.error(package.scala:30)
	at scala.meta.internal.semanticdb.Scala$DescriptorParser.fail(Scala.scala:200)
	at scala.meta.internal.semanticdb.Scala$DescriptorParser.readChar(Scala.scala:213)
	at scala.meta.internal.semanticdb.Scala$DescriptorParser.parseValue(Scala.scala:231)
	at scala.meta.internal.semanticdb.Scala$DescriptorParser.parseDescriptor(Scala.scala:256)
	at scala.meta.internal.semanticdb.Scala$DescriptorParser.entryPoint(Scala.scala:279)
	at scala.meta.internal.semanticdb.Scala$DescriptorParser$.apply(Scala.scala:287)
	at scala.meta.internal.semanticdb.Scala$ScalaSymbolOps.owner(Scala.scala:101)
	at scala.meta.internal.mtags.Symbol.toplevel(Symbol.scala:56)
	at scala.meta.internal.mtags.SymbolIndexBucket.query0(SymbolIndexBucket.scala:149)
	at scala.meta.internal.mtags.SymbolIndexBucket.query(SymbolIndexBucket.scala:129)
	at scala.meta.internal.mtags.OnDemandSymbolIndex.$anonfun$findSymbolDefinition$1(OnDemandSymbolIndex.scala:116)
	at scala.collection.immutable.List.flatMap(List.scala:366)
	at scala.meta.internal.mtags.OnDemandSymbolIndex.findSymbolDefinition(OnDemandSymbolIndex.scala:116)
	at scala.meta.internal.mtags.OnDemandSymbolIndex.definitions(OnDemandSymbolIndex.scala:48)
	at scala.meta.internal.metals.DestinationProvider.definition(DefinitionProvider.scala:297)
	at scala.meta.internal.metals.DestinationProvider.fromSymbol(DefinitionProvider.scala:335)
	at scala.meta.internal.metals.DestinationProvider.fromSymbol(DefinitionProvider.scala:355)
	at scala.meta.internal.metals.DefinitionProvider.fromSymbol(DefinitionProvider.scala:104)
	at scala.meta.internal.metals.StacktraceAnalyzer.findLocationForSymbol$1(StacktraceAnalyzer.scala:69)
	at scala.meta.internal.metals.StacktraceAnalyzer.$anonfun$fileLocationFromLine$2(StacktraceAnalyzer.scala:74)
	at scala.PartialFunction$Unlifted.applyOrElse(PartialFunction.scala:237)
	at scala.collection.TraversableOnce.collectFirst(TraversableOnce.scala:180)
	at scala.collection.TraversableOnce.collectFirst$(TraversableOnce.scala:167)
	at scala.collection.AbstractTraversable.collectFirst(Traversable.scala:108)
	at scala.meta.internal.metals.StacktraceAnalyzer.$anonfun$fileLocationFromLine$1(StacktraceAnalyzer.scala:74)
	at scala.Option.flatMap(Option.scala:271)
	at scala.meta.internal.metals.StacktraceAnalyzer.fileLocationFromLine(StacktraceAnalyzer.scala:72)
	at scala.meta.internal.metals.debug.DebugProxy.$anonfun$handleServerMessage$1(DebugProxy.scala:182)
	at scala.meta.internal.metals.debug.DebugProxy.$anonfun$handleServerMessage$1$adapted(DebugProxy.scala:159)
	at scala.meta.internal.metals.debug.ServerAdapter.$anonfun$onReceived$1(ServerAdapter.scala:25)
	at scala.meta.internal.metals.debug.MessageIdAdapter.$anonfun$listen$1(MessageIdAdapter.scala:57)
	at org.eclipse.lsp4j.jsonrpc.json.StreamMessageProducer.handleMessage(StreamMessageProducer.java:194)
	at org.eclipse.lsp4j.jsonrpc.json.StreamMessageProducer.listen(StreamMessageProducer.java:94)
	at scala.meta.internal.metals.debug.SocketEndpoint.listen(SocketEndpoint.scala:26)
	at scala.meta.internal.metals.debug.MessageIdAdapter.listen(MessageIdAdapter.scala:47)
	at scala.meta.internal.metals.debug.ServerAdapter.onReceived(ServerAdapter.scala:18)
	at scala.meta.internal.metals.debug.DebugProxy.$anonfun$listenToServer$1(DebugProxy.scala:66)
	at scala.runtime.java8.JFunction0$mcV$sp.apply(JFunction0$mcV$sp.java:23)
	at scala.concurrent.Future$.$anonfun$apply$1(Future.scala:659)
	at scala.util.Success.$anonfun$map$1(Try.scala:255)
	at scala.util.Success.map(Try.scala:213)
	at scala.concurrent.Future.$anonfun$map$1(Future.scala:292)
	at scala.concurrent.impl.Promise.liftedTree1$1(Promise.scala:33)
	at scala.concurrent.impl.Promise.$anonfun$transform$1(Promise.scala:33)
	at scala.concurrent.impl.CallbackRunnable.run(Promise.scala:64)
	at java.util.concurrent.ThreadPoolExecutor.runWorker(ThreadPoolExecutor.java:1142)
	at java.util.concurrent.ThreadPoolExecutor$Worker.run(ThreadPoolExecutor.java:617)
	at java.lang.Thread.run(Thread.java:748)
[0m
[0m2021.10.28 06:32:27 ERROR unexpected error during source scanning
java.lang.RuntimeException: invalid symbol format
#
^
	at scala.sys.package$.error(package.scala:30)
	at scala.meta.internal.semanticdb.Scala$DescriptorParser.fail(Scala.scala:200)
	at scala.meta.internal.semanticdb.Scala$DescriptorParser.readChar(Scala.scala:213)
	at scala.meta.internal.semanticdb.Scala$DescriptorParser.parseValue(Scala.scala:231)
	at scala.meta.internal.semanticdb.Scala$DescriptorParser.parseDescriptor(Scala.scala:256)
	at scala.meta.internal.semanticdb.Scala$DescriptorParser.entryPoint(Scala.scala:279)
	at scala.meta.internal.semanticdb.Scala$DescriptorParser$.apply(Scala.scala:287)
	at scala.meta.internal.semanticdb.Scala$ScalaSymbolOps.owner(Scala.scala:101)
	at scala.meta.internal.mtags.Symbol.toplevel(Symbol.scala:56)
	at scala.meta.internal.mtags.SymbolIndexBucket.query0(SymbolIndexBucket.scala:149)
	at scala.meta.internal.mtags.SymbolIndexBucket.query(SymbolIndexBucket.scala:129)
	at scala.meta.internal.mtags.OnDemandSymbolIndex.$anonfun$findSymbolDefinition$1(OnDemandSymbolIndex.scala:116)
	at scala.collection.immutable.List.flatMap(List.scala:366)
	at scala.meta.internal.mtags.OnDemandSymbolIndex.findSymbolDefinition(OnDemandSymbolIndex.scala:116)
	at scala.meta.internal.mtags.OnDemandSymbolIndex.definitions(OnDemandSymbolIndex.scala:48)
	at scala.meta.internal.metals.DestinationProvider.definition(DefinitionProvider.scala:297)
	at scala.meta.internal.metals.DestinationProvider.fromSymbol(DefinitionProvider.scala:335)
	at scala.meta.internal.metals.DestinationProvider.fromSymbol(DefinitionProvider.scala:355)
	at scala.meta.internal.metals.DefinitionProvider.fromSymbol(DefinitionProvider.scala:104)
	at scala.meta.internal.metals.StacktraceAnalyzer.findLocationForSymbol$1(StacktraceAnalyzer.scala:69)
	at scala.meta.internal.metals.StacktraceAnalyzer.$anonfun$fileLocationFromLine$2(StacktraceAnalyzer.scala:74)
	at scala.PartialFunction$Unlifted.applyOrElse(PartialFunction.scala:237)
	at scala.collection.TraversableOnce.collectFirst(TraversableOnce.scala:180)
	at scala.collection.TraversableOnce.collectFirst$(TraversableOnce.scala:167)
	at scala.collection.AbstractTraversable.collectFirst(Traversable.scala:108)
	at scala.meta.internal.metals.StacktraceAnalyzer.$anonfun$fileLocationFromLine$1(StacktraceAnalyzer.scala:74)
	at scala.Option.flatMap(Option.scala:271)
	at scala.meta.internal.metals.StacktraceAnalyzer.fileLocationFromLine(StacktraceAnalyzer.scala:72)
	at scala.meta.internal.metals.debug.DebugProxy.$anonfun$handleServerMessage$1(DebugProxy.scala:182)
	at scala.meta.internal.metals.debug.DebugProxy.$anonfun$handleServerMessage$1$adapted(DebugProxy.scala:159)
	at scala.meta.internal.metals.debug.ServerAdapter.$anonfun$onReceived$1(ServerAdapter.scala:25)
	at scala.meta.internal.metals.debug.MessageIdAdapter.$anonfun$listen$1(MessageIdAdapter.scala:57)
	at org.eclipse.lsp4j.jsonrpc.json.StreamMessageProducer.handleMessage(StreamMessageProducer.java:194)
	at org.eclipse.lsp4j.jsonrpc.json.StreamMessageProducer.listen(StreamMessageProducer.java:94)
	at scala.meta.internal.metals.debug.SocketEndpoint.listen(SocketEndpoint.scala:26)
	at scala.meta.internal.metals.debug.MessageIdAdapter.listen(MessageIdAdapter.scala:47)
	at scala.meta.internal.metals.debug.ServerAdapter.onReceived(ServerAdapter.scala:18)
	at scala.meta.internal.metals.debug.DebugProxy.$anonfun$listenToServer$1(DebugProxy.scala:66)
	at scala.runtime.java8.JFunction0$mcV$sp.apply(JFunction0$mcV$sp.java:23)
	at scala.concurrent.Future$.$anonfun$apply$1(Future.scala:659)
	at scala.util.Success.$anonfun$map$1(Try.scala:255)
	at scala.util.Success.map(Try.scala:213)
	at scala.concurrent.Future.$anonfun$map$1(Future.scala:292)
	at scala.concurrent.impl.Promise.liftedTree1$1(Promise.scala:33)
	at scala.concurrent.impl.Promise.$anonfun$transform$1(Promise.scala:33)
	at scala.concurrent.impl.CallbackRunnable.run(Promise.scala:64)
	at java.util.concurrent.ThreadPoolExecutor.runWorker(ThreadPoolExecutor.java:1142)
	at java.util.concurrent.ThreadPoolExecutor$Worker.run(ThreadPoolExecutor.java:617)
	at java.lang.Thread.run(Thread.java:748)
[0m
[0m2021.10.28 06:32:31 ERROR 21/10/28 06:32:31 INFO SharedState: Setting hive.metastore.warehouse.dir ('null') to the value of spark.sql.warehouse.dir ('file:/root/Github_files/Apache_Spark/hello-world/hello-world/spark-warehouse').[0m
[0m2021.10.28 06:32:31 ERROR 21/10/28 06:32:31 INFO SharedState: Warehouse path is 'file:/root/Github_files/Apache_Spark/hello-world/hello-world/spark-warehouse'.[0m
[0m2021.10.28 06:32:31 ERROR 21/10/28 06:32:32 INFO StateStoreCoordinatorRef: Registered StateStoreCoordinator endpoint[0m
[0m2021.10.28 06:32:32 ERROR 21/10/28 06:32:32 INFO CodeGenerator: Code generated in 290.399359 ms[0m
[0m2021.10.28 06:32:32 ERROR 21/10/28 06:32:33 INFO CodeGenerator: Code generated in 46.61725 ms[0m
[0m2021.10.28 06:32:32 ERROR 21/10/28 06:32:33 INFO CodeGenerator: Code generated in 40.581856 ms[0m
[0m2021.10.28 06:32:32 ERROR 21/10/28 06:32:33 INFO SparkUI: Stopped Spark web UI at http://172.27.16.5:4040[0m
[0m2021.10.28 06:32:32 ERROR 21/10/28 06:32:33 INFO MapOutputTrackerMasterEndpoint: MapOutputTrackerMasterEndpoint stopped![0m
[0m2021.10.28 06:32:32 ERROR 21/10/28 06:32:33 INFO MemoryStore: MemoryStore cleared[0m
[0m2021.10.28 06:32:32 ERROR 21/10/28 06:32:33 INFO BlockManager: BlockManager stopped[0m
[0m2021.10.28 06:32:32 ERROR 21/10/28 06:32:33 INFO BlockManagerMaster: BlockManagerMaster stopped[0m
[0m2021.10.28 06:32:32 ERROR 21/10/28 06:32:33 INFO OutputCommitCoordinator$OutputCommitCoordinatorEndpoint: OutputCommitCoordinator stopped![0m
[0m2021.10.28 06:32:32 ERROR 21/10/28 06:32:33 INFO SparkContext: Successfully stopped SparkContext[0m
[0m2021.10.28 06:32:32 ERROR 21/10/28 06:32:33 INFO ShutdownHookManager: Shutdown hook called[0m
[0m2021.10.28 06:32:32 ERROR 21/10/28 06:32:33 INFO ShutdownHookManager: Deleting directory /tmp/spark-27a5acc7-b2b5-4ca3-abd6-22a87ce54caf[0m
[0m2021.10.28 06:32:34 INFO  Canceling debug proxy for [Main][0m
[0m2021.10.28 06:32:34 INFO  Closing debug server tcp://0.0.0.0:36875[0m
[0m2021.10.28 06:35:43 INFO  shutting down Metals[0m
[0m2021.10.28 06:35:43 INFO  Shut down connection with build server.[0m
No more data in the client stdin, exiting...
[0m2021.10.28 06:35:43 INFO  Shut down connection with build server.[0m
[0m2021.10.28 06:36:14 INFO  Started: Metals version 0.10.8 in workspace '/root/Github_files/Apache_Spark/hello-world/hello-world' for client Visual Studio Code 1.61.2.[0m
