[0m2021.10.28 13:41:14 INFO  Started: Metals version 0.10.8 in workspace '/root/Github_files/spark_object' for client Visual Studio Code 1.61.2.[0m
[0m2021.10.28 13:41:15 INFO  time: initialize in 1.02s[0m
[0m2021.10.28 13:41:16 WARN  Build server is not auto-connectable.[0m
[0m2021.10.28 13:41:18 WARN  no build target for: /root/Github_files/spark_object/build.sbt[0m
[0m2021.10.28 13:41:22 INFO  no build target: using presentation compiler with only scala-library: 3.1.0[0m
[0m2021.10.28 13:41:25 INFO  time: code lens generation in 7.04s[0m
[0m2021.10.28 13:43:06 WARN  no build target for: /root/Github_files/spark_object/build.sbt[0m
[0m2021.10.28 13:43:09 INFO  running '/usr/java/jdk1.8.0_131/bin/java -Djline.terminal=jline.UnsupportedTerminal -Dsbt.log.noformat=true -Dfile.encoding=UTF-8 -jar /tmp/metals7974456904902472532/sbt-launch.jar -Dbloop.export-jar-classifiers=sources bloopInstall'[0m
[0m2021.10.28 13:43:09 WARN  no build target for: /root/Github_files/spark_object/project/metals.sbt[0m
[0m2021.10.28 13:43:09 WARN  no build target for: /root/Github_files/spark_object/project/project/metals.sbt[0m
[0m2021.10.28 13:43:12 INFO  [info] welcome to sbt 1.5.5 (Oracle Corporation Java 1.8.0_131)[0m
[0m2021.10.28 13:43:20 INFO  [info] loading settings for project spark_object-build-build from metals.sbt ...[0m
[0m2021.10.28 13:43:22 INFO  [info] loading project definition from /root/Github_files/spark_object/project/project[0m
[0m2021.10.28 13:43:27 INFO  [info] loading settings for project spark_object-build from metals.sbt ...[0m
[0m2021.10.28 13:43:27 INFO  [info] loading project definition from /root/Github_files/spark_object/project[0m
[0m2021.10.28 13:43:31 INFO  [success] Generated .bloop/spark_object-build.json[0m
[0m2021.10.28 13:43:31 INFO  [success] Total time: 5 s, completed Oct 28, 2021 1:43:32 PM[0m
[0m2021.10.28 13:43:36 INFO  [info] loading settings for project spark_object from build.sbt ...[0m
[0m2021.10.28 13:43:36 INFO  [info] set current project to spark_object (in build file:/root/Github_files/spark_object/)[0m
[0m2021.10.28 13:43:43 INFO  [success] Generated .bloop/spark_object.json[0m
[0m2021.10.28 13:43:43 INFO  [success] Generated .bloop/spark_object-test.json[0m
[0m2021.10.28 13:43:43 INFO  [success] Total time: 7 s, completed Oct 28, 2021 1:43:43 PM[0m
[0m2021.10.28 13:43:44 INFO  skipping build import with status 'Dismissed'[0m
[0m2021.10.28 13:43:44 INFO  time: ran 'sbt bloopInstall' in 34s[0m
[0m2021.10.28 13:43:44 INFO  Attempting to connect to the build server...[0m
Starting the bsp launcher for bloop...
Opening a bsp server connection with 'bsp --protocol local --socket /tmp/bsp-launcher8140683896038205359/bsp.socket'...
Waiting for the bsp connection to come up...
[0m[32m[D][0m Loading 2 projects from '/root/Github_files/spark_object/.bloop'...
[0m[32m[D][0m Loading project from '/root/Github_files/spark_object/.bloop/spark_object-test.json'
[0m[32m[D][0m Loading project from '/root/Github_files/spark_object/.bloop/spark_object.json'
[0m[32m[D][0m Missing analysis file for project 'spark_object'
[0m[32m[D][0m Missing analysis file for project 'spark_object-test'
[0m[32m[D][0m Waiting for a connection at local:///tmp/bsp-launcher8140683896038205359/bsp.socket...
The server is listening for incoming connections at local:///tmp/bsp-launcher8140683896038205359/bsp.socket...
Starting thread that pumps stdin and redirects it to the bsp server...
Starting thread that pumps server stdout and redirects it to the client stdout...
[0m2021.10.28 13:43:44 INFO  tracing is disabled for protocol BSP, to enable tracing of incoming and outgoing JSON messages create an empty file at /root/.cache/metals/bsp.trace.json[0m
[0m2021.10.28 13:43:44 INFO  Attempting to connect to the build server...[0m
Starting the bsp launcher for bloop...
Opening a bsp server connection with 'bsp --protocol local --socket /tmp/bsp-launcher1940179705507676724/bsp.socket'...
Waiting for the bsp connection to come up...
[0m[32m[D][0m Loading workspace settings from bloop.settings.json
[0m[32m[D][0m Waiting for a connection at local:///tmp/bsp-launcher1940179705507676724/bsp.socket...
The server is listening for incoming connections at local:///tmp/bsp-launcher1940179705507676724/bsp.socket...
Starting thread that pumps stdin and redirects it to the bsp server...
Starting thread that pumps server stdout and redirects it to the client stdout...
[0m2021.10.28 13:43:44 INFO  tracing is disabled for protocol BSP, to enable tracing of incoming and outgoing JSON messages create an empty file at /root/.cache/metals/bsp.trace.json[0m
[0m2021.10.28 13:43:44 INFO  time: Connected to build server in 0.39s[0m
[0m2021.10.28 13:43:44 INFO  Connected to Build server: Bloop v1.4.10-8-8d1cbc4f[0m
[0m2021.10.28 13:43:45 INFO  time: Imported build in 0.29s[0m
[0m2021.10.28 13:43:57 INFO  time: indexed workspace in 12s[0m
[0m2021.10.28 13:43:58 INFO  no build target: using presentation compiler with only scala-library: 2.12.14[0m
[0m2021.10.28 13:44:05 INFO  time: code lens generation in 6.16s[0m
[0m2021.10.28 13:44:34 INFO  compiling spark_object (1 scala source)[0m
[0m2021.10.28 13:44:43 INFO  time: compiled spark_object in 9.52s[0m
[0m2021.10.28 13:44:58 WARN  Error downloading ch.epfl.scala:scala-expression-compiler_2.11.12:2.0.8
  not found: https://maven.aliyun.com/repository/central/ch/epfl/scala/scala-expression-compiler_2.11.12/2.0.8/scala-expression-compiler_2.11.12-2.0.8.pom[0m
[0m2021.10.28 13:44:58 WARN  Expression evaluation will not work.[0m
[0m2021.10.28 13:44:59 INFO  tracing is disabled for protocol dap-server, to enable tracing of incoming and outgoing JSON messages create an empty file at /root/.cache/metals/dap-server.trace.json[0m
[0m2021.10.28 13:44:59 INFO  tracing is disabled for protocol dap-client, to enable tracing of incoming and outgoing JSON messages create an empty file at /root/.cache/metals/dap-client.trace.json[0m
[0m2021.10.28 13:44:59 INFO  Starting debug proxy for [Main][0m
[0m2021.10.28 13:45:07 INFO  Trying to attach to remote debuggee VM VM-16-5-centos:35209 .[0m
[0m2021.10.28 13:45:07 INFO  Attaching to debuggee VM succeeded.[0m
[0m2021.10.28 13:45:07 INFO  Canceling debug proxy for [Main][0m
[0m2021.10.28 13:45:07 INFO  Closing debug server tcp://0.0.0.0:40509[0m
[0m2021.10.28 18:34:42 INFO  Started: Metals version 0.10.8 in workspace '/root/Github_files/spark_object' for client Visual Studio Code 1.61.2.[0m
[0m2021.10.28 18:34:43 INFO  time: initialize in 0.98s[0m
[0m2021.10.28 18:34:49 INFO  Attempting to connect to the build server...[0m
Starting the bsp launcher for bloop...
Opening a bsp server connection with 'bsp --protocol local --socket /tmp/bsp-launcher3970212379400877399/bsp.socket'...
Waiting for the bsp connection to come up...
[0m2021.10.28 18:34:50 INFO  skipping build import with status 'Installed'[0m
Waiting for the bsp connection to come up...
Oct 28, 2021 6:34:52 PM org.eclipse.lsp4j.jsonrpc.RemoteEndpoint handleCancellation
WARNING: Unmatched cancel notification for request id 1
Waiting for the bsp connection to come up...
Waiting for the bsp connection to come up...
Waiting for the bsp connection to come up...
Waiting for the bsp connection to come up...
Waiting for the bsp connection to come up...
Waiting for the bsp connection to come up...
No server running at 127.0.0.1:8212, let's fire one...
Resolving ch.epfl.scala:bloop-frontend_2.12:1.4.10-8-8d1cbc4f...
Starting bloop server at 127.0.0.1:8212...
Attempting a connection to the server...
Attempting a connection to the server...
Attempting a connection to the server...
Attempting a connection to the server...
Attempting a connection to the server...
Attempting a connection to the server...
Attempting a connection to the server...
Attempting a connection to the server...
Attempting a connection to the server...
Attempting a connection to the server...
Attempting a connection to the server...
Attempting a connection to the server...
Attempting a connection to the server...
[0m[32m[D][0m Loading workspace settings from bloop.settings.json
[0m[32m[D][0m Loading 2 projects from '/root/Github_files/spark_object/.bloop'...
[0m[32m[D][0m Loading project from '/root/Github_files/spark_object/.bloop/spark_object-test.json'
[0m[32m[D][0m Loading project from '/root/Github_files/spark_object/.bloop/spark_object.json'
[0m[32m[D][0m Cache miss for scala instance org.scala-lang:scala-compiler:2.11.12.
[0m[32m[D][0m   => /root/.cache/coursier/v1/https/repo1.maven.org/maven2/jline/jline/2.14.3/jline-2.14.3.jar
[0m[32m[D][0m   => /root/.cache/coursier/v1/https/repo1.maven.org/maven2/org/scala-lang/modules/scala-parser-combinators_2.11/1.0.4/scala-parser-combinators_2.11-1.0.4.jar
[0m[32m[D][0m   => /root/.cache/coursier/v1/https/repo1.maven.org/maven2/org/scala-lang/modules/scala-xml_2.11/1.0.5/scala-xml_2.11-1.0.5.jar
[0m[32m[D][0m   => /root/.cache/coursier/v1/https/repo1.maven.org/maven2/org/scala-lang/scala-compiler/2.11.12/scala-compiler-2.11.12.jar
[0m[32m[D][0m   => /root/.cache/coursier/v1/https/repo1.maven.org/maven2/org/scala-lang/scala-library/2.11.12/scala-library-2.11.12.jar
[0m[32m[D][0m   => /root/.cache/coursier/v1/https/repo1.maven.org/maven2/org/scala-lang/scala-reflect/2.11.12/scala-reflect-2.11.12.jar
[0m[32m[D][0m Configured Scala SemanticDB in projects 'spark_object', 'spark_object-test'
[0m[32m[D][0m Missing analysis file for project 'spark_object-test'
[0m[32m[D][0m Loading previous analysis for 'spark_object' from '/root/Github_files/spark_object/target/streams/compile/bloopAnalysisOut/_global/streams/inc_compile_2.11.zip'.
[0m[32m[D][0m Waiting for a connection at local:///tmp/bsp-launcher3970212379400877399/bsp.socket...
The server is listening for incoming connections at local:///tmp/bsp-launcher3970212379400877399/bsp.socket...
Starting thread that pumps stdin and redirects it to the bsp server...
Starting thread that pumps server stdout and redirects it to the client stdout...
[0m2021.10.28 18:35:01 INFO  tracing is disabled for protocol BSP, to enable tracing of incoming and outgoing JSON messages create an empty file at /root/.cache/metals/bsp.trace.json[0m
[0m2021.10.28 18:35:01 INFO  Attempting to connect to the build server...[0m
Starting the bsp launcher for bloop...
Opening a bsp server connection with 'bsp --protocol local --socket /tmp/bsp-launcher869726392638342777/bsp.socket'...
Waiting for the bsp connection to come up...
[0m[32m[D][0m Loading workspace settings from bloop.settings.json
[0m[32m[D][0m Waiting for a connection at local:///tmp/bsp-launcher869726392638342777/bsp.socket...
The server is listening for incoming connections at local:///tmp/bsp-launcher869726392638342777/bsp.socket...
Starting thread that pumps stdin and redirects it to the bsp server...
Starting thread that pumps server stdout and redirects it to the client stdout...
[0m2021.10.28 18:35:02 INFO  tracing is disabled for protocol BSP, to enable tracing of incoming and outgoing JSON messages create an empty file at /root/.cache/metals/bsp.trace.json[0m
[0m2021.10.28 18:35:02 INFO  time: Connected to build server in 12s[0m
[0m2021.10.28 18:35:02 INFO  Connected to Build server: Bloop v1.4.10-8-8d1cbc4f[0m
[0m2021.10.28 18:35:05 INFO  no build target: using presentation compiler with only scala-library: 3.1.0[0m
[0m2021.10.28 18:35:10 INFO  time: code lens generation in 7.81s[0m
[0m2021.10.28 18:35:10 INFO  time: code lens generation in 17s[0m
[0m2021.10.28 18:35:10 INFO  time: code lens generation in 17s[0m
[0m2021.10.28 18:35:10 INFO  time: Imported build in 3.53s[0m
[0m2021.10.28 18:35:16 INFO  time: indexed workspace in 5.68s[0m
[0m2021.10.28 18:35:17 INFO  no build target: using presentation compiler with only scala-library: 2.12.14[0m
[0m2021.10.28 18:35:26 WARN  Error downloading ch.epfl.scala:scala-expression-compiler_2.11.12:2.0.8
  not found: https://maven.aliyun.com/repository/central/ch/epfl/scala/scala-expression-compiler_2.11.12/2.0.8/scala-expression-compiler_2.11.12-2.0.8.pom[0m
[0m2021.10.28 18:35:26 WARN  Expression evaluation will not work.[0m
[0m2021.10.28 18:35:26 INFO  tracing is disabled for protocol dap-server, to enable tracing of incoming and outgoing JSON messages create an empty file at /root/.cache/metals/dap-server.trace.json[0m
[0m2021.10.28 18:35:26 INFO  tracing is disabled for protocol dap-client, to enable tracing of incoming and outgoing JSON messages create an empty file at /root/.cache/metals/dap-client.trace.json[0m
[0m2021.10.28 18:35:27 INFO  Starting debug proxy for [Main][0m
[0m2021.10.28 18:35:40 INFO  Trying to attach to remote debuggee VM VM-16-5-centos:37227 .[0m
[0m2021.10.28 18:35:40 INFO  Attaching to debuggee VM succeeded.[0m
[0m2021.10.28 18:35:40 INFO  Closing debug server tcp://0.0.0.0:42847[0m
[0m2021.10.28 18:35:41 INFO  Canceling debug proxy for [Main][0m
Oct 28, 2021 6:49:35 PM org.eclipse.lsp4j.jsonrpc.services.GenericEndpoint notify
INFO: Unsupported notification method: $/setTrace
