[0m2021.10.28 06:24:09 INFO  Started: Metals version 0.10.8 in workspace '/root/Github_files' for client Visual Studio Code 1.61.2.[0m
[0m2021.10.28 06:24:10 INFO  time: initialize in 0.99s[0m
[0m2021.10.28 06:24:10 WARN  Build server is not auto-connectable.[0m
[0m2021.10.28 06:24:10 WARN  no build tool detected in workspace '/root/Github_files'. The most common cause for this problem is that the editor was opened in the wrong working directory, for example if you use sbt then the workspace directory should contain build.sbt. [0m
[0m2021.10.28 06:24:11 WARN  no build target for: /root/Github_files/Apache_Spark/hello-world/hello-world/src/main/scala/Main.scala[0m
[0m2021.10.28 06:24:18 INFO  no build target: using presentation compiler with only scala-library: 3.1.0[0m
[0m2021.10.28 06:24:24 INFO  time: code lens generation in 3.53s[0m
[0m2021.10.28 06:24:24 INFO  time: code lens generation in 10s[0m
Oct 28, 2021 6:28:44 AM org.eclipse.lsp4j.jsonrpc.services.GenericEndpoint notify
INFO: Unsupported notification method: $/setTrace
[0m2021.10.28 06:28:47 INFO  shutting down Metals[0m
[0m2021.10.28 06:36:43 INFO  Started: Metals version 0.10.8 in workspace '/root/Github_files' for client Visual Studio Code 1.61.2.[0m
[0m2021.10.28 06:36:44 INFO  time: initialize in 0.93s[0m
[0m2021.10.28 06:36:45 WARN  Build server is not auto-connectable.[0m
[0m2021.10.28 06:36:45 WARN  no build tool detected in workspace '/root/Github_files'. The most common cause for this problem is that the editor was opened in the wrong working directory, for example if you use sbt then the workspace directory should contain build.sbt. [0m
[0m2021.10.28 06:36:45 WARN  no build target for: /root/Github_files/Apache_Spark/hello-world/hello-world/src/main/scala/Main.scala[0m
[0m2021.10.28 06:36:49 INFO  no build target: using presentation compiler with only scala-library: 3.1.0[0m
[0m2021.10.28 06:36:55 INFO  time: code lens generation in 1.31s[0m
[0m2021.10.28 06:36:55 INFO  time: code lens generation in 7.88s[0m
[0m2021.10.28 06:37:14 WARN  no build target for: /root/Github_files/Apache_Spark/hello-world/hello-world/build.sbt[0m
[0m2021.10.28 06:38:43 WARN  no build tool detected in workspace '/root/Github_files'. The most common cause for this problem is that the editor was opened in the wrong working directory, for example if you use sbt then the workspace directory should contain build.sbt. [0m
[0m2021.10.28 06:38:45 WARN  no build tool detected in workspace '/root/Github_files'. The most common cause for this problem is that the editor was opened in the wrong working directory, for example if you use sbt then the workspace directory should contain build.sbt. [0m
[0m2021.10.28 06:38:45 WARN  no build tool detected in workspace '/root/Github_files'. The most common cause for this problem is that the editor was opened in the wrong working directory, for example if you use sbt then the workspace directory should contain build.sbt. [0m
[0m2021.10.28 06:38:45 WARN  no build tool detected in workspace '/root/Github_files'. The most common cause for this problem is that the editor was opened in the wrong working directory, for example if you use sbt then the workspace directory should contain build.sbt. [0m
[0m2021.10.28 06:38:45 WARN  no build tool detected in workspace '/root/Github_files'. The most common cause for this problem is that the editor was opened in the wrong working directory, for example if you use sbt then the workspace directory should contain build.sbt. [0m
[0m2021.10.28 06:39:08 WARN  no build tool detected in workspace '/root/Github_files'. The most common cause for this problem is that the editor was opened in the wrong working directory, for example if you use sbt then the workspace directory should contain build.sbt. [0m
Oct 28, 2021 6:39:31 AM org.eclipse.lsp4j.jsonrpc.services.GenericEndpoint notify
INFO: Unsupported notification method: $/setTrace
